2023-11-17 01:30:31,360 Namespace(out_dir='out', frequent=10, eval_interval=1, gpu=False, num_workers=4)
2023-11-17 01:30:31,924 => load 200 samples
2023-11-17 01:30:31,926 => load 200 samples
2023-11-17 01:30:32,832 Epoch: [0][0/200]	Time 0.905s (0.905s)	Speed 35.4 samples/s	Data 0.148s (0.148s)	Loss 2.53597 (2.53597)
2023-11-17 01:30:39,303 Epoch: [0][10/200]	Time 0.651s (0.671s)	Speed 49.1 samples/s	Data 0.005s (0.019s)	Loss 2.05254 (2.26275)
2023-11-17 01:30:45,756 Epoch: [0][20/200]	Time 0.632s (0.659s)	Speed 50.6 samples/s	Data 0.005s (0.012s)	Loss 1.76610 (2.08510)
2023-11-17 01:30:52,132 Epoch: [0][30/200]	Time 0.617s (0.652s)	Speed 51.9 samples/s	Data 0.005s (0.010s)	Loss 1.51251 (1.93454)
2023-11-17 01:30:58,539 Epoch: [0][40/200]	Time 0.633s (0.649s)	Speed 50.6 samples/s	Data 0.005s (0.009s)	Loss 1.28786 (1.80118)
2023-11-17 01:31:04,907 Epoch: [0][50/200]	Time 0.630s (0.647s)	Speed 50.8 samples/s	Data 0.005s (0.008s)	Loss 1.09625 (1.68012)
2023-11-17 01:31:11,265 Epoch: [0][60/200]	Time 0.618s (0.645s)	Speed 51.8 samples/s	Data 0.005s (0.008s)	Loss 0.92770 (1.56846)
2023-11-17 01:31:17,567 Epoch: [0][70/200]	Time 0.603s (0.643s)	Speed 53.1 samples/s	Data 0.004s (0.007s)	Loss 0.77003 (1.46662)
2023-11-17 01:31:23,855 Epoch: [0][80/200]	Time 0.606s (0.641s)	Speed 52.8 samples/s	Data 0.005s (0.007s)	Loss 0.65846 (1.37313)
2023-11-17 01:31:30,225 Epoch: [0][90/200]	Time 0.626s (0.641s)	Speed 51.1 samples/s	Data 0.005s (0.007s)	Loss 0.57847 (1.28890)
2023-11-17 01:31:36,684 Epoch: [0][100/200]	Time 0.631s (0.641s)	Speed 50.7 samples/s	Data 0.005s (0.007s)	Loss 0.48544 (1.21303)
2023-11-17 01:31:43,075 Epoch: [0][110/200]	Time 0.630s (0.641s)	Speed 50.8 samples/s	Data 0.005s (0.007s)	Loss 0.41585 (1.14443)
2023-11-17 01:31:49,379 Epoch: [0][120/200]	Time 0.617s (0.640s)	Speed 51.8 samples/s	Data 0.004s (0.006s)	Loss 0.36439 (1.08260)
2023-11-17 01:31:55,689 Epoch: [0][130/200]	Time 0.604s (0.639s)	Speed 52.9 samples/s	Data 0.004s (0.006s)	Loss 0.34551 (1.02651)
2023-11-17 01:32:01,978 Epoch: [0][140/200]	Time 0.616s (0.639s)	Speed 52.0 samples/s	Data 0.005s (0.006s)	Loss 0.30773 (0.97659)
2023-11-17 01:32:08,308 Epoch: [0][150/200]	Time 0.601s (0.638s)	Speed 53.2 samples/s	Data 0.005s (0.006s)	Loss 0.28574 (0.93097)
2023-11-17 01:32:14,697 Epoch: [0][160/200]	Time 0.616s (0.638s)	Speed 52.0 samples/s	Data 0.004s (0.006s)	Loss 0.26794 (0.88988)
2023-11-17 01:32:21,063 Epoch: [0][170/200]	Time 0.617s (0.638s)	Speed 51.9 samples/s	Data 0.005s (0.006s)	Loss 0.25851 (0.85260)
2023-11-17 01:32:27,500 Epoch: [0][180/200]	Time 0.637s (0.639s)	Speed 50.3 samples/s	Data 0.005s (0.006s)	Loss 0.23064 (0.81869)
2023-11-17 01:32:34,018 Epoch: [0][190/200]	Time 0.656s (0.639s)	Speed 48.8 samples/s	Data 0.005s (0.006s)	Loss 0.20660 (0.78715)
2023-11-17 01:32:39,944 Test: [0/200]	Time 0.146 (0.146)	Loss 0.4326 (0.4326)
2023-11-17 01:32:40,643 Test: [10/200]	Time 0.051 (0.077)	Loss 0.1475 (0.3522)
2023-11-17 01:32:41,383 Test: [20/200]	Time 0.052 (0.075)	Loss 0.2639 (0.3636)
2023-11-17 01:32:42,037 Test: [30/200]	Time 0.053 (0.072)	Loss 0.5282 (0.3710)
2023-11-17 01:32:42,651 Test: [40/200]	Time 0.051 (0.070)	Loss 0.3901 (0.3854)
2023-11-17 01:32:43,275 Test: [50/200]	Time 0.054 (0.068)	Loss 0.4697 (0.3889)
2023-11-17 01:32:43,879 Test: [60/200]	Time 0.053 (0.067)	Loss 0.4401 (0.3892)
2023-11-17 01:32:44,483 Test: [70/200]	Time 0.053 (0.066)	Loss 0.3698 (0.3883)
2023-11-17 01:32:45,166 Test: [80/200]	Time 0.050 (0.066)	Loss 0.4780 (0.3837)
2023-11-17 01:32:45,885 Test: [90/200]	Time 0.056 (0.067)	Loss 0.4711 (0.3871)
2023-11-17 01:32:46,545 Test: [100/200]	Time 0.052 (0.067)	Loss 0.4731 (0.3859)
2023-11-17 01:32:47,179 Test: [110/200]	Time 0.052 (0.066)	Loss 0.4698 (0.3877)
2023-11-17 01:32:47,781 Test: [120/200]	Time 0.053 (0.066)	Loss 0.4446 (0.3855)
2023-11-17 01:32:48,396 Test: [130/200]	Time 0.051 (0.066)	Loss 0.3657 (0.3896)
2023-11-17 01:32:48,998 Test: [140/200]	Time 0.056 (0.065)	Loss 0.3534 (0.3887)
2023-11-17 01:32:49,588 Test: [150/200]	Time 0.052 (0.065)	Loss 0.4312 (0.3877)
2023-11-17 01:32:50,190 Test: [160/200]	Time 0.052 (0.065)	Loss 0.3994 (0.3873)
2023-11-17 01:32:50,783 Test: [170/200]	Time 0.051 (0.064)	Loss 0.2853 (0.3850)
2023-11-17 01:32:51,541 Test: [180/200]	Time 0.052 (0.065)	Loss 0.3269 (0.3831)
2023-11-17 01:32:52,139 Test: [190/200]	Time 0.051 (0.065)	Loss 0.3207 (0.3843)
2023-11-17 01:32:54,417 Mean IoU score: 0.192
2023-11-17 01:32:54,419 => saving checkpoint to out
2023-11-17 01:32:55,493 Epoch: [1][0/200]	Time 0.996s (0.996s)	Speed 32.1 samples/s	Data 0.185s (0.185s)	Loss 0.19994 (0.19994)
2023-11-17 01:33:02,190 Epoch: [1][10/200]	Time 0.645s (0.699s)	Speed 49.6 samples/s	Data 0.005s (0.022s)	Loss 0.19974 (0.20667)
2023-11-17 01:33:08,635 Epoch: [1][20/200]	Time 0.623s (0.673s)	Speed 51.4 samples/s	Data 0.005s (0.014s)	Loss 0.24808 (0.20289)
2023-11-17 01:33:15,114 Epoch: [1][30/200]	Time 0.634s (0.665s)	Speed 50.4 samples/s	Data 0.005s (0.011s)	Loss 0.16385 (0.19952)
2023-11-17 01:33:21,543 Epoch: [1][40/200]	Time 0.632s (0.660s)	Speed 50.6 samples/s	Data 0.005s (0.010s)	Loss 0.17819 (0.19431)
2023-11-17 01:33:27,884 Epoch: [1][50/200]	Time 0.625s (0.655s)	Speed 51.2 samples/s	Data 0.005s (0.009s)	Loss 0.15375 (0.19042)
2023-11-17 01:33:34,304 Epoch: [1][60/200]	Time 0.620s (0.653s)	Speed 51.6 samples/s	Data 0.005s (0.009s)	Loss 0.16239 (0.18661)
2023-11-17 01:33:40,735 Epoch: [1][70/200]	Time 0.617s (0.651s)	Speed 51.8 samples/s	Data 0.005s (0.008s)	Loss 0.15822 (0.18269)
2023-11-17 01:33:47,256 Epoch: [1][80/200]	Time 0.645s (0.651s)	Speed 49.6 samples/s	Data 0.005s (0.008s)	Loss 0.12051 (0.17813)
2023-11-17 01:33:54,435 Epoch: [1][90/200]	Time 0.867s (0.659s)	Speed 36.9 samples/s	Data 0.005s (0.007s)	Loss 0.13834 (0.17364)
2023-11-17 01:34:01,799 Epoch: [1][100/200]	Time 0.624s (0.666s)	Speed 51.3 samples/s	Data 0.005s (0.007s)	Loss 0.12990 (0.17078)
2023-11-17 01:34:08,282 Epoch: [1][110/200]	Time 0.610s (0.665s)	Speed 52.5 samples/s	Data 0.005s (0.007s)	Loss 0.12311 (0.16759)
2023-11-17 01:34:14,690 Epoch: [1][120/200]	Time 0.606s (0.663s)	Speed 52.8 samples/s	Data 0.005s (0.007s)	Loss 0.10870 (0.16365)
2023-11-17 01:34:21,137 Epoch: [1][130/200]	Time 0.625s (0.661s)	Speed 51.2 samples/s	Data 0.004s (0.007s)	Loss 0.10614 (0.15990)
2023-11-17 01:34:27,795 Epoch: [1][140/200]	Time 0.786s (0.662s)	Speed 40.7 samples/s	Data 0.005s (0.007s)	Loss 0.12707 (0.15655)
2023-11-17 01:34:35,259 Epoch: [1][150/200]	Time 0.718s (0.667s)	Speed 44.6 samples/s	Data 0.006s (0.007s)	Loss 0.09454 (0.15314)
2023-11-17 01:34:41,729 Epoch: [1][160/200]	Time 0.637s (0.666s)	Speed 50.2 samples/s	Data 0.005s (0.007s)	Loss 0.10777 (0.15009)
2023-11-17 01:34:48,455 Epoch: [1][170/200]	Time 0.749s (0.666s)	Speed 42.7 samples/s	Data 0.005s (0.006s)	Loss 0.09101 (0.14716)
2023-11-17 01:34:55,947 Epoch: [1][180/200]	Time 0.698s (0.671s)	Speed 45.8 samples/s	Data 0.005s (0.006s)	Loss 0.10040 (0.14434)
2023-11-17 01:35:02,466 Epoch: [1][190/200]	Time 0.629s (0.670s)	Speed 50.9 samples/s	Data 0.005s (0.006s)	Loss 0.09502 (0.14168)
2023-11-17 01:35:08,506 Test: [0/200]	Time 0.135 (0.135)	Loss 0.2365 (0.2365)
2023-11-17 01:35:09,224 Test: [10/200]	Time 0.057 (0.078)	Loss 0.0646 (0.1754)
2023-11-17 01:35:09,906 Test: [20/200]	Time 0.056 (0.073)	Loss 0.1312 (0.1792)
2023-11-17 01:35:10,741 Test: [30/200]	Time 0.081 (0.076)	Loss 0.2493 (0.1872)
2023-11-17 01:35:11,545 Test: [40/200]	Time 0.057 (0.077)	Loss 0.1799 (0.1944)
2023-11-17 01:35:12,214 Test: [50/200]	Time 0.061 (0.075)	Loss 0.2386 (0.1948)
2023-11-17 01:35:12,928 Test: [60/200]	Time 0.073 (0.075)	Loss 0.2239 (0.1963)
2023-11-17 01:35:13,759 Test: [70/200]	Time 0.076 (0.076)	Loss 0.1658 (0.1958)
2023-11-17 01:35:14,539 Test: [80/200]	Time 0.076 (0.076)	Loss 0.2452 (0.1928)
2023-11-17 01:35:15,210 Test: [90/200]	Time 0.064 (0.075)	Loss 0.2560 (0.1953)
2023-11-17 01:35:15,865 Test: [100/200]	Time 0.055 (0.074)	Loss 0.2823 (0.1945)
2023-11-17 01:35:16,592 Test: [110/200]	Time 0.067 (0.074)	Loss 0.2568 (0.1954)
2023-11-17 01:35:17,425 Test: [120/200]	Time 0.048 (0.075)	Loss 0.2249 (0.1938)
2023-11-17 01:35:17,991 Test: [130/200]	Time 0.048 (0.073)	Loss 0.1692 (0.1963)
2023-11-17 01:35:18,596 Test: [140/200]	Time 0.049 (0.073)	Loss 0.1753 (0.1958)
2023-11-17 01:35:19,167 Test: [150/200]	Time 0.049 (0.071)	Loss 0.1940 (0.1945)
2023-11-17 01:35:19,757 Test: [160/200]	Time 0.049 (0.071)	Loss 0.2202 (0.1942)
2023-11-17 01:35:20,395 Test: [170/200]	Time 0.048 (0.070)	Loss 0.1619 (0.1929)
2023-11-17 01:35:20,960 Test: [180/200]	Time 0.049 (0.070)	Loss 0.1602 (0.1918)
2023-11-17 01:35:21,528 Test: [190/200]	Time 0.049 (0.069)	Loss 0.1343 (0.1923)
2023-11-17 01:35:23,792 Mean IoU score: 0.603
2023-11-17 01:35:23,796 => saving checkpoint to out
2023-11-17 01:35:24,914 Epoch: [2][0/200]	Time 1.038s (1.038s)	Speed 30.8 samples/s	Data 0.199s (0.199s)	Loss 0.07430 (0.07430)
2023-11-17 01:35:31,393 Epoch: [2][10/200]	Time 0.634s (0.683s)	Speed 50.5 samples/s	Data 0.005s (0.023s)	Loss 0.08400 (0.08410)
2023-11-17 01:35:37,941 Epoch: [2][20/200]	Time 0.640s (0.670s)	Speed 50.0 samples/s	Data 0.005s (0.015s)	Loss 0.08003 (0.08054)
2023-11-17 01:35:44,324 Epoch: [2][30/200]	Time 0.628s (0.660s)	Speed 50.9 samples/s	Data 0.006s (0.012s)	Loss 0.06860 (0.07759)
2023-11-17 01:35:50,771 Epoch: [2][40/200]	Time 0.631s (0.656s)	Speed 50.7 samples/s	Data 0.005s (0.010s)	Loss 0.07135 (0.07702)
2023-11-17 01:35:57,107 Epoch: [2][50/200]	Time 0.611s (0.652s)	Speed 52.3 samples/s	Data 0.006s (0.010s)	Loss 0.06564 (0.07546)
2023-11-17 01:36:03,670 Epoch: [2][60/200]	Time 0.634s (0.652s)	Speed 50.5 samples/s	Data 0.005s (0.009s)	Loss 0.05888 (0.07395)
2023-11-17 01:36:10,131 Epoch: [2][70/200]	Time 0.629s (0.651s)	Speed 50.9 samples/s	Data 0.006s (0.008s)	Loss 0.07250 (0.07239)
2023-11-17 01:36:16,600 Epoch: [2][80/200]	Time 0.619s (0.651s)	Speed 51.7 samples/s	Data 0.004s (0.008s)	Loss 0.06148 (0.07123)
2023-11-17 01:36:22,998 Epoch: [2][90/200]	Time 0.629s (0.650s)	Speed 50.9 samples/s	Data 0.005s (0.008s)	Loss 0.05464 (0.06983)
2023-11-17 01:36:29,533 Epoch: [2][100/200]	Time 0.632s (0.650s)	Speed 50.6 samples/s	Data 0.005s (0.008s)	Loss 0.05917 (0.06846)
2023-11-17 01:36:36,107 Epoch: [2][110/200]	Time 0.685s (0.651s)	Speed 46.7 samples/s	Data 0.005s (0.007s)	Loss 0.05369 (0.06789)
2023-11-17 01:36:42,628 Epoch: [2][120/200]	Time 0.632s (0.651s)	Speed 50.6 samples/s	Data 0.006s (0.007s)	Loss 0.05976 (0.06669)
2023-11-17 01:36:49,134 Epoch: [2][130/200]	Time 0.641s (0.651s)	Speed 49.9 samples/s	Data 0.005s (0.007s)	Loss 0.05969 (0.06568)
2023-11-17 01:36:55,600 Epoch: [2][140/200]	Time 0.623s (0.651s)	Speed 51.3 samples/s	Data 0.006s (0.007s)	Loss 0.05525 (0.06485)
2023-11-17 01:37:02,100 Epoch: [2][150/200]	Time 0.639s (0.650s)	Speed 50.1 samples/s	Data 0.006s (0.007s)	Loss 0.04551 (0.06415)
2023-11-17 01:37:08,648 Epoch: [2][160/200]	Time 0.625s (0.651s)	Speed 51.2 samples/s	Data 0.005s (0.007s)	Loss 0.04206 (0.06312)
2023-11-17 01:37:15,151 Epoch: [2][170/200]	Time 0.624s (0.651s)	Speed 51.3 samples/s	Data 0.005s (0.007s)	Loss 0.04598 (0.06225)
2023-11-17 01:37:21,569 Epoch: [2][180/200]	Time 0.625s (0.650s)	Speed 51.2 samples/s	Data 0.006s (0.007s)	Loss 0.04441 (0.06126)
2023-11-17 01:37:28,111 Epoch: [2][190/200]	Time 0.626s (0.650s)	Speed 51.1 samples/s	Data 0.005s (0.007s)	Loss 0.05247 (0.06038)
2023-11-17 01:37:34,173 Test: [0/200]	Time 0.125 (0.125)	Loss 0.1125 (0.1125)
2023-11-17 01:37:34,824 Test: [10/200]	Time 0.051 (0.071)	Loss 0.0372 (0.0988)
2023-11-17 01:37:35,589 Test: [20/200]	Time 0.053 (0.073)	Loss 0.0671 (0.1028)
2023-11-17 01:37:36,232 Test: [30/200]	Time 0.059 (0.070)	Loss 0.1510 (0.1085)
2023-11-17 01:37:36,854 Test: [40/200]	Time 0.054 (0.068)	Loss 0.0992 (0.1127)
2023-11-17 01:37:37,477 Test: [50/200]	Time 0.054 (0.067)	Loss 0.1628 (0.1129)
2023-11-17 01:37:38,084 Test: [60/200]	Time 0.056 (0.066)	Loss 0.1337 (0.1153)
2023-11-17 01:37:38,691 Test: [70/200]	Time 0.053 (0.065)	Loss 0.1008 (0.1148)
2023-11-17 01:37:39,323 Test: [80/200]	Time 0.053 (0.065)	Loss 0.1222 (0.1130)
2023-11-17 01:37:40,018 Test: [90/200]	Time 0.056 (0.066)	Loss 0.1578 (0.1150)
2023-11-17 01:37:40,661 Test: [100/200]	Time 0.052 (0.065)	Loss 0.1538 (0.1143)
2023-11-17 01:37:41,274 Test: [110/200]	Time 0.052 (0.065)	Loss 0.1746 (0.1153)
2023-11-17 01:37:41,899 Test: [120/200]	Time 0.051 (0.065)	Loss 0.1366 (0.1139)
2023-11-17 01:37:42,500 Test: [130/200]	Time 0.052 (0.065)	Loss 0.1112 (0.1150)
2023-11-17 01:37:43,121 Test: [140/200]	Time 0.052 (0.064)	Loss 0.0925 (0.1141)
2023-11-17 01:37:43,718 Test: [150/200]	Time 0.052 (0.064)	Loss 0.1102 (0.1131)
2023-11-17 01:37:44,335 Test: [160/200]	Time 0.052 (0.064)	Loss 0.1181 (0.1128)
2023-11-17 01:37:44,934 Test: [170/200]	Time 0.051 (0.064)	Loss 0.1174 (0.1120)
2023-11-17 01:37:45,569 Test: [180/200]	Time 0.052 (0.064)	Loss 0.0970 (0.1111)
2023-11-17 01:37:46,251 Test: [190/200]	Time 0.052 (0.064)	Loss 0.0682 (0.1111)
2023-11-17 01:37:48,547 Mean IoU score: 0.769
2023-11-17 01:37:48,550 => saving checkpoint to out
2023-11-17 01:37:49,652 Epoch: [3][0/200]	Time 1.019s (1.019s)	Speed 31.4 samples/s	Data 0.188s (0.188s)	Loss 0.03914 (0.03914)
2023-11-17 01:37:56,136 Epoch: [3][10/200]	Time 0.627s (0.682s)	Speed 51.1 samples/s	Data 0.005s (0.022s)	Loss 0.04413 (0.04108)
2023-11-17 01:38:02,674 Epoch: [3][20/200]	Time 0.622s (0.669s)	Speed 51.5 samples/s	Data 0.005s (0.014s)	Loss 0.06269 (0.04010)
2023-11-17 01:38:09,086 Epoch: [3][30/200]	Time 0.628s (0.660s)	Speed 51.0 samples/s	Data 0.005s (0.011s)	Loss 0.02602 (0.03959)
2023-11-17 01:38:15,464 Epoch: [3][40/200]	Time 0.646s (0.654s)	Speed 49.5 samples/s	Data 0.006s (0.010s)	Loss 0.03565 (0.03916)
2023-11-17 01:38:21,902 Epoch: [3][50/200]	Time 0.624s (0.652s)	Speed 51.3 samples/s	Data 0.005s (0.009s)	Loss 0.03111 (0.03832)
2023-11-17 01:38:28,345 Epoch: [3][60/200]	Time 0.637s (0.651s)	Speed 50.2 samples/s	Data 0.005s (0.008s)	Loss 0.03232 (0.03758)
2023-11-17 01:38:34,903 Epoch: [3][70/200]	Time 0.679s (0.652s)	Speed 47.1 samples/s	Data 0.005s (0.008s)	Loss 0.03678 (0.03729)
2023-11-17 01:38:41,462 Epoch: [3][80/200]	Time 0.616s (0.652s)	Speed 52.0 samples/s	Data 0.005s (0.008s)	Loss 0.02688 (0.03713)
2023-11-17 01:38:47,904 Epoch: [3][90/200]	Time 0.634s (0.651s)	Speed 50.5 samples/s	Data 0.006s (0.007s)	Loss 0.03179 (0.03686)
2023-11-17 01:38:54,385 Epoch: [3][100/200]	Time 0.622s (0.651s)	Speed 51.5 samples/s	Data 0.006s (0.007s)	Loss 0.03162 (0.03664)
2023-11-17 01:39:00,813 Epoch: [3][110/200]	Time 0.634s (0.650s)	Speed 50.5 samples/s	Data 0.006s (0.007s)	Loss 0.02977 (0.03644)
2023-11-17 01:39:07,292 Epoch: [3][120/200]	Time 0.631s (0.650s)	Speed 50.7 samples/s	Data 0.006s (0.007s)	Loss 0.04097 (0.03632)
2023-11-17 01:39:13,807 Epoch: [3][130/200]	Time 0.631s (0.650s)	Speed 50.7 samples/s	Data 0.006s (0.007s)	Loss 0.03441 (0.03621)
2023-11-17 01:39:20,243 Epoch: [3][140/200]	Time 0.632s (0.650s)	Speed 50.6 samples/s	Data 0.006s (0.007s)	Loss 0.03543 (0.03600)
2023-11-17 01:39:26,736 Epoch: [3][150/200]	Time 0.629s (0.650s)	Speed 50.9 samples/s	Data 0.005s (0.007s)	Loss 0.02740 (0.03595)
2023-11-17 01:39:33,139 Epoch: [3][160/200]	Time 0.641s (0.649s)	Speed 49.9 samples/s	Data 0.006s (0.007s)	Loss 0.03463 (0.03603)
2023-11-17 01:39:39,682 Epoch: [3][170/200]	Time 0.644s (0.649s)	Speed 49.7 samples/s	Data 0.006s (0.007s)	Loss 0.04050 (0.03590)
2023-11-17 01:39:46,251 Epoch: [3][180/200]	Time 0.634s (0.650s)	Speed 50.5 samples/s	Data 0.006s (0.007s)	Loss 0.03364 (0.03569)
2023-11-17 01:39:52,737 Epoch: [3][190/200]	Time 0.635s (0.650s)	Speed 50.4 samples/s	Data 0.006s (0.007s)	Loss 0.02469 (0.03544)
2023-11-17 01:39:58,882 Test: [0/200]	Time 0.133 (0.133)	Loss 0.1039 (0.1039)
2023-11-17 01:39:59,524 Test: [10/200]	Time 0.056 (0.070)	Loss 0.0216 (0.0777)
2023-11-17 01:40:00,168 Test: [20/200]	Time 0.059 (0.068)	Loss 0.0561 (0.0861)
2023-11-17 01:40:00,859 Test: [30/200]	Time 0.058 (0.068)	Loss 0.1210 (0.0917)
2023-11-17 01:40:01,506 Test: [40/200]	Time 0.052 (0.067)	Loss 0.0792 (0.0951)
2023-11-17 01:40:02,132 Test: [50/200]	Time 0.058 (0.066)	Loss 0.1437 (0.0946)
2023-11-17 01:40:02,744 Test: [60/200]	Time 0.052 (0.065)	Loss 0.1077 (0.0967)
2023-11-17 01:40:03,355 Test: [70/200]	Time 0.052 (0.065)	Loss 0.0883 (0.0969)
2023-11-17 01:40:03,956 Test: [80/200]	Time 0.052 (0.064)	Loss 0.1038 (0.0946)
2023-11-17 01:40:04,558 Test: [90/200]	Time 0.052 (0.064)	Loss 0.1161 (0.0957)
2023-11-17 01:40:05,203 Test: [100/200]	Time 0.052 (0.064)	Loss 0.1317 (0.0953)
2023-11-17 01:40:05,892 Test: [110/200]	Time 0.052 (0.064)	Loss 0.1613 (0.0961)
2023-11-17 01:40:06,555 Test: [120/200]	Time 0.052 (0.065)	Loss 0.1012 (0.0945)
2023-11-17 01:40:07,153 Test: [130/200]	Time 0.050 (0.064)	Loss 0.0846 (0.0951)
2023-11-17 01:40:07,778 Test: [140/200]	Time 0.052 (0.064)	Loss 0.0834 (0.0946)
2023-11-17 01:40:08,387 Test: [150/200]	Time 0.055 (0.064)	Loss 0.0882 (0.0936)
2023-11-17 01:40:09,018 Test: [160/200]	Time 0.052 (0.064)	Loss 0.0890 (0.0935)
2023-11-17 01:40:09,627 Test: [170/200]	Time 0.052 (0.064)	Loss 0.1022 (0.0927)
2023-11-17 01:40:10,299 Test: [180/200]	Time 0.053 (0.064)	Loss 0.0735 (0.0920)
2023-11-17 01:40:10,896 Test: [190/200]	Time 0.056 (0.064)	Loss 0.0540 (0.0921)
2023-11-17 01:40:13,201 Mean IoU score: 0.800
2023-11-17 01:40:13,203 => saving checkpoint to out
2023-11-17 01:40:14,323 Epoch: [4][0/200]	Time 1.043s (1.043s)	Speed 30.7 samples/s	Data 0.204s (0.204s)	Loss 0.03396 (0.03396)
2023-11-17 01:40:20,880 Epoch: [4][10/200]	Time 0.617s (0.691s)	Speed 51.8 samples/s	Data 0.005s (0.023s)	Loss 0.02565 (0.02935)
2023-11-17 01:40:27,313 Epoch: [4][20/200]	Time 0.612s (0.668s)	Speed 52.3 samples/s	Data 0.005s (0.015s)	Loss 0.02532 (0.02800)
2023-11-17 01:40:34,313 Epoch: [4][30/200]	Time 0.808s (0.678s)	Speed 39.6 samples/s	Data 0.007s (0.012s)	Loss 0.02421 (0.02786)
2023-11-17 01:40:41,437 Epoch: [4][40/200]	Time 0.637s (0.687s)	Speed 50.2 samples/s	Data 0.005s (0.011s)	Loss 0.02483 (0.02822)
2023-11-17 01:40:47,840 Epoch: [4][50/200]	Time 0.620s (0.678s)	Speed 51.6 samples/s	Data 0.005s (0.010s)	Loss 0.02614 (0.02794)
2023-11-17 01:40:54,214 Epoch: [4][60/200]	Time 0.648s (0.671s)	Speed 49.4 samples/s	Data 0.006s (0.009s)	Loss 0.02140 (0.02739)
2023-11-17 01:41:00,661 Epoch: [4][70/200]	Time 0.630s (0.667s)	Speed 50.8 samples/s	Data 0.005s (0.009s)	Loss 0.02511 (0.02730)
2023-11-17 01:41:07,124 Epoch: [4][80/200]	Time 0.630s (0.665s)	Speed 50.8 samples/s	Data 0.006s (0.008s)	Loss 0.02443 (0.02703)
2023-11-17 01:41:13,545 Epoch: [4][90/200]	Time 0.618s (0.662s)	Speed 51.7 samples/s	Data 0.005s (0.008s)	Loss 0.03052 (0.02683)
2023-11-17 01:41:20,032 Epoch: [4][100/200]	Time 0.624s (0.661s)	Speed 51.3 samples/s	Data 0.005s (0.008s)	Loss 0.02542 (0.02670)
2023-11-17 01:41:26,456 Epoch: [4][110/200]	Time 0.634s (0.659s)	Speed 50.5 samples/s	Data 0.005s (0.007s)	Loss 0.02701 (0.02674)
2023-11-17 01:41:32,911 Epoch: [4][120/200]	Time 0.622s (0.658s)	Speed 51.5 samples/s	Data 0.005s (0.007s)	Loss 0.02964 (0.02655)
2023-11-17 01:41:39,415 Epoch: [4][130/200]	Time 0.623s (0.658s)	Speed 51.3 samples/s	Data 0.005s (0.007s)	Loss 0.02406 (0.02648)
2023-11-17 01:41:45,846 Epoch: [4][140/200]	Time 0.625s (0.656s)	Speed 51.2 samples/s	Data 0.006s (0.007s)	Loss 0.02819 (0.02650)
2023-11-17 01:41:52,287 Epoch: [4][150/200]	Time 0.634s (0.656s)	Speed 50.5 samples/s	Data 0.005s (0.007s)	Loss 0.02072 (0.02645)
2023-11-17 01:41:58,831 Epoch: [4][160/200]	Time 0.625s (0.656s)	Speed 51.2 samples/s	Data 0.005s (0.007s)	Loss 0.02092 (0.02620)
2023-11-17 01:42:05,305 Epoch: [4][170/200]	Time 0.616s (0.655s)	Speed 52.0 samples/s	Data 0.005s (0.007s)	Loss 0.02127 (0.02614)
2023-11-17 01:42:11,759 Epoch: [4][180/200]	Time 0.627s (0.655s)	Speed 51.0 samples/s	Data 0.006s (0.007s)	Loss 0.03067 (0.02606)
2023-11-17 01:42:18,278 Epoch: [4][190/200]	Time 0.631s (0.654s)	Speed 50.7 samples/s	Data 0.005s (0.007s)	Loss 0.02615 (0.02590)
2023-11-17 01:42:24,287 Test: [0/200]	Time 0.138 (0.138)	Loss 0.0833 (0.0833)
2023-11-17 01:42:24,906 Test: [10/200]	Time 0.051 (0.069)	Loss 0.0307 (0.0698)
2023-11-17 01:42:25,625 Test: [20/200]	Time 0.052 (0.070)	Loss 0.0463 (0.0709)
2023-11-17 01:42:26,245 Test: [30/200]	Time 0.056 (0.068)	Loss 0.0951 (0.0769)
2023-11-17 01:42:26,873 Test: [40/200]	Time 0.059 (0.066)	Loss 0.0567 (0.0788)
2023-11-17 01:42:27,506 Test: [50/200]	Time 0.051 (0.066)	Loss 0.1105 (0.0782)
2023-11-17 01:42:28,126 Test: [60/200]	Time 0.059 (0.065)	Loss 0.1009 (0.0799)
2023-11-17 01:42:28,739 Test: [70/200]	Time 0.053 (0.065)	Loss 0.0673 (0.0796)
2023-11-17 01:42:29,411 Test: [80/200]	Time 0.053 (0.065)	Loss 0.0918 (0.0784)
2023-11-17 01:42:30,012 Test: [90/200]	Time 0.052 (0.064)	Loss 0.1131 (0.0798)
2023-11-17 01:42:30,656 Test: [100/200]	Time 0.061 (0.064)	Loss 0.1510 (0.0793)
2023-11-17 01:42:31,272 Test: [110/200]	Time 0.052 (0.064)	Loss 0.1568 (0.0802)
2023-11-17 01:42:31,872 Test: [120/200]	Time 0.052 (0.064)	Loss 0.0990 (0.0790)
2023-11-17 01:42:32,477 Test: [130/200]	Time 0.052 (0.064)	Loss 0.0596 (0.0790)
2023-11-17 01:42:33,137 Test: [140/200]	Time 0.051 (0.064)	Loss 0.0687 (0.0785)
2023-11-17 01:42:33,738 Test: [150/200]	Time 0.051 (0.063)	Loss 0.0792 (0.0776)
2023-11-17 01:42:34,341 Test: [160/200]	Time 0.052 (0.063)	Loss 0.0781 (0.0775)
2023-11-17 01:42:35,028 Test: [170/200]	Time 0.051 (0.064)	Loss 0.0697 (0.0768)
2023-11-17 01:42:35,682 Test: [180/200]	Time 0.052 (0.064)	Loss 0.0469 (0.0762)
2023-11-17 01:42:36,268 Test: [190/200]	Time 0.052 (0.063)	Loss 0.0374 (0.0764)
2023-11-17 01:42:38,603 Mean IoU score: 0.820
2023-11-17 01:42:38,604 => saving checkpoint to out
2023-11-17 01:42:39,750 Epoch: [5][0/200]	Time 1.065s (1.065s)	Speed 30.0 samples/s	Data 0.214s (0.214s)	Loss 0.01668 (0.01668)
2023-11-17 01:42:46,324 Epoch: [5][10/200]	Time 0.620s (0.695s)	Speed 51.6 samples/s	Data 0.005s (0.024s)	Loss 0.01714 (0.01996)
2023-11-17 01:42:52,818 Epoch: [5][20/200]	Time 0.638s (0.673s)	Speed 50.2 samples/s	Data 0.006s (0.015s)	Loss 0.02254 (0.02092)
2023-11-17 01:42:59,278 Epoch: [5][30/200]	Time 0.617s (0.664s)	Speed 51.9 samples/s	Data 0.005s (0.012s)	Loss 0.02836 (0.02089)
2023-11-17 01:43:05,716 Epoch: [5][40/200]	Time 0.615s (0.659s)	Speed 52.0 samples/s	Data 0.005s (0.010s)	Loss 0.01992 (0.02092)
2023-11-17 01:43:12,184 Epoch: [5][50/200]	Time 0.628s (0.657s)	Speed 51.0 samples/s	Data 0.005s (0.009s)	Loss 0.02397 (0.02090)
2023-11-17 01:43:18,753 Epoch: [5][60/200]	Time 0.634s (0.657s)	Speed 50.5 samples/s	Data 0.005s (0.009s)	Loss 0.01542 (0.02047)
2023-11-17 01:43:25,158 Epoch: [5][70/200]	Time 0.631s (0.655s)	Speed 50.7 samples/s	Data 0.005s (0.008s)	Loss 0.01826 (0.02028)
2023-11-17 01:43:31,572 Epoch: [5][80/200]	Time 0.624s (0.653s)	Speed 51.3 samples/s	Data 0.005s (0.008s)	Loss 0.01999 (0.02018)
2023-11-17 01:43:37,989 Epoch: [5][90/200]	Time 0.618s (0.652s)	Speed 51.8 samples/s	Data 0.005s (0.008s)	Loss 0.01406 (0.02009)
2023-11-17 01:43:44,499 Epoch: [5][100/200]	Time 0.642s (0.652s)	Speed 49.8 samples/s	Data 0.005s (0.007s)	Loss 0.02059 (0.01994)
2023-11-17 01:43:50,941 Epoch: [5][110/200]	Time 0.621s (0.651s)	Speed 51.5 samples/s	Data 0.005s (0.007s)	Loss 0.02155 (0.01993)
2023-11-17 01:43:57,377 Epoch: [5][120/200]	Time 0.636s (0.650s)	Speed 50.3 samples/s	Data 0.006s (0.007s)	Loss 0.02106 (0.01980)
2023-11-17 01:44:03,904 Epoch: [5][130/200]	Time 0.620s (0.651s)	Speed 51.6 samples/s	Data 0.005s (0.007s)	Loss 0.02344 (0.01993)
2023-11-17 01:44:10,299 Epoch: [5][140/200]	Time 0.618s (0.650s)	Speed 51.8 samples/s	Data 0.005s (0.007s)	Loss 0.02298 (0.02000)
2023-11-17 01:44:16,718 Epoch: [5][150/200]	Time 0.624s (0.649s)	Speed 51.3 samples/s	Data 0.005s (0.007s)	Loss 0.02359 (0.02001)
2023-11-17 01:44:23,253 Epoch: [5][160/200]	Time 0.612s (0.649s)	Speed 52.3 samples/s	Data 0.005s (0.007s)	Loss 0.02349 (0.01989)
2023-11-17 01:44:29,685 Epoch: [5][170/200]	Time 0.617s (0.649s)	Speed 51.9 samples/s	Data 0.005s (0.007s)	Loss 0.01839 (0.01982)
2023-11-17 01:44:36,172 Epoch: [5][180/200]	Time 0.690s (0.649s)	Speed 46.4 samples/s	Data 0.005s (0.006s)	Loss 0.01874 (0.01989)
2023-11-17 01:44:42,723 Epoch: [5][190/200]	Time 0.643s (0.649s)	Speed 49.8 samples/s	Data 0.005s (0.006s)	Loss 0.01968 (0.01993)
2023-11-17 01:44:48,727 Test: [0/200]	Time 0.139 (0.139)	Loss 0.1037 (0.1037)
2023-11-17 01:44:49,376 Test: [10/200]	Time 0.051 (0.072)	Loss 0.0333 (0.0683)
2023-11-17 01:44:50,027 Test: [20/200]	Time 0.052 (0.069)	Loss 0.0625 (0.0717)
2023-11-17 01:44:50,720 Test: [30/200]	Time 0.052 (0.069)	Loss 0.0944 (0.0788)
2023-11-17 01:44:51,332 Test: [40/200]	Time 0.052 (0.067)	Loss 0.0644 (0.0809)
2023-11-17 01:44:51,954 Test: [50/200]	Time 0.051 (0.066)	Loss 0.1141 (0.0806)
2023-11-17 01:44:52,565 Test: [60/200]	Time 0.055 (0.065)	Loss 0.0768 (0.0816)
2023-11-17 01:44:53,179 Test: [70/200]	Time 0.054 (0.065)	Loss 0.0759 (0.0823)
2023-11-17 01:44:53,807 Test: [80/200]	Time 0.052 (0.064)	Loss 0.1201 (0.0808)
2023-11-17 01:44:54,580 Test: [90/200]	Time 0.104 (0.066)	Loss 0.1011 (0.0827)
2023-11-17 01:44:55,218 Test: [100/200]	Time 0.051 (0.066)	Loss 0.1508 (0.0826)
2023-11-17 01:44:55,808 Test: [110/200]	Time 0.051 (0.065)	Loss 0.1715 (0.0836)
2023-11-17 01:44:56,449 Test: [120/200]	Time 0.052 (0.065)	Loss 0.0948 (0.0823)
2023-11-17 01:44:57,048 Test: [130/200]	Time 0.052 (0.065)	Loss 0.0746 (0.0829)
2023-11-17 01:44:57,653 Test: [140/200]	Time 0.053 (0.064)	Loss 0.0839 (0.0822)
2023-11-17 01:44:58,274 Test: [150/200]	Time 0.060 (0.064)	Loss 0.0926 (0.0813)
2023-11-17 01:44:58,893 Test: [160/200]	Time 0.052 (0.064)	Loss 0.0956 (0.0814)
2023-11-17 01:44:59,493 Test: [170/200]	Time 0.051 (0.064)	Loss 0.0847 (0.0806)
2023-11-17 01:45:00,129 Test: [180/200]	Time 0.051 (0.064)	Loss 0.0555 (0.0800)
2023-11-17 01:45:00,821 Test: [190/200]	Time 0.051 (0.064)	Loss 0.0479 (0.0799)
2023-11-17 01:45:03,097 Mean IoU score: 0.812
2023-11-17 01:45:03,099 => saving checkpoint to out
2023-11-17 01:45:04,219 Epoch: [6][0/200]	Time 1.079s (1.079s)	Speed 29.7 samples/s	Data 0.215s (0.215s)	Loss 0.01873 (0.01873)
2023-11-17 01:45:10,796 Epoch: [6][10/200]	Time 0.634s (0.696s)	Speed 50.4 samples/s	Data 0.005s (0.024s)	Loss 0.02177 (0.01757)
2023-11-17 01:45:17,263 Epoch: [6][20/200]	Time 0.619s (0.673s)	Speed 51.7 samples/s	Data 0.005s (0.015s)	Loss 0.01603 (0.01804)
2023-11-17 01:45:23,743 Epoch: [6][30/200]	Time 0.632s (0.665s)	Speed 50.7 samples/s	Data 0.005s (0.012s)	Loss 0.01705 (0.01814)
2023-11-17 01:45:30,281 Epoch: [6][40/200]	Time 0.643s (0.662s)	Speed 49.7 samples/s	Data 0.005s (0.010s)	Loss 0.01789 (0.01793)
2023-11-17 01:45:36,694 Epoch: [6][50/200]	Time 0.623s (0.658s)	Speed 51.4 samples/s	Data 0.005s (0.009s)	Loss 0.01739 (0.01782)
2023-11-17 01:45:43,159 Epoch: [6][60/200]	Time 0.620s (0.656s)	Speed 51.6 samples/s	Data 0.005s (0.009s)	Loss 0.01326 (0.01749)
2023-11-17 01:45:49,587 Epoch: [6][70/200]	Time 0.649s (0.654s)	Speed 49.3 samples/s	Data 0.005s (0.008s)	Loss 0.01409 (0.01715)
2023-11-17 01:45:56,912 Epoch: [6][80/200]	Time 0.689s (0.664s)	Speed 46.4 samples/s	Data 0.005s (0.008s)	Loss 0.01430 (0.01697)
2023-11-17 01:46:03,794 Epoch: [6][90/200]	Time 0.644s (0.667s)	Speed 49.7 samples/s	Data 0.005s (0.008s)	Loss 0.01619 (0.01677)
2023-11-17 01:46:10,255 Epoch: [6][100/200]	Time 0.632s (0.665s)	Speed 50.7 samples/s	Data 0.005s (0.007s)	Loss 0.01509 (0.01668)
2023-11-17 01:46:16,693 Epoch: [6][110/200]	Time 0.614s (0.663s)	Speed 52.1 samples/s	Data 0.005s (0.007s)	Loss 0.01281 (0.01655)
2023-11-17 01:46:23,172 Epoch: [6][120/200]	Time 0.615s (0.661s)	Speed 52.1 samples/s	Data 0.005s (0.007s)	Loss 0.01706 (0.01647)
2023-11-17 01:46:29,630 Epoch: [6][130/200]	Time 0.633s (0.660s)	Speed 50.6 samples/s	Data 0.005s (0.007s)	Loss 0.01146 (0.01634)
2023-11-17 01:46:36,156 Epoch: [6][140/200]	Time 0.683s (0.660s)	Speed 46.8 samples/s	Data 0.005s (0.007s)	Loss 0.01457 (0.01626)
2023-11-17 01:46:42,700 Epoch: [6][150/200]	Time 0.637s (0.659s)	Speed 50.2 samples/s	Data 0.005s (0.007s)	Loss 0.01441 (0.01618)
2023-11-17 01:46:49,161 Epoch: [6][160/200]	Time 0.634s (0.659s)	Speed 50.5 samples/s	Data 0.005s (0.007s)	Loss 0.01823 (0.01615)
2023-11-17 01:46:55,607 Epoch: [6][170/200]	Time 0.624s (0.658s)	Speed 51.3 samples/s	Data 0.006s (0.007s)	Loss 0.01571 (0.01605)
2023-11-17 01:47:02,099 Epoch: [6][180/200]	Time 0.614s (0.657s)	Speed 52.1 samples/s	Data 0.005s (0.006s)	Loss 0.01079 (0.01602)
2023-11-17 01:47:08,595 Epoch: [6][190/200]	Time 0.628s (0.657s)	Speed 51.0 samples/s	Data 0.005s (0.006s)	Loss 0.01511 (0.01596)
2023-11-17 01:47:14,598 Test: [0/200]	Time 0.125 (0.125)	Loss 0.0689 (0.0689)
2023-11-17 01:47:15,350 Test: [10/200]	Time 0.052 (0.080)	Loss 0.0169 (0.0546)
2023-11-17 01:47:15,996 Test: [20/200]	Time 0.051 (0.073)	Loss 0.0307 (0.0582)
2023-11-17 01:47:16,611 Test: [30/200]	Time 0.051 (0.069)	Loss 0.0694 (0.0638)
2023-11-17 01:47:17,326 Test: [40/200]	Time 0.052 (0.070)	Loss 0.0476 (0.0641)
2023-11-17 01:47:17,944 Test: [50/200]	Time 0.052 (0.068)	Loss 0.1033 (0.0635)
2023-11-17 01:47:18,572 Test: [60/200]	Time 0.057 (0.067)	Loss 0.0708 (0.0645)
2023-11-17 01:47:19,179 Test: [70/200]	Time 0.051 (0.066)	Loss 0.0495 (0.0637)
2023-11-17 01:47:19,805 Test: [80/200]	Time 0.051 (0.066)	Loss 0.0605 (0.0624)
2023-11-17 01:47:20,401 Test: [90/200]	Time 0.051 (0.065)	Loss 0.0838 (0.0637)
2023-11-17 01:47:21,043 Test: [100/200]	Time 0.059 (0.065)	Loss 0.1046 (0.0635)
2023-11-17 01:47:21,644 Test: [110/200]	Time 0.052 (0.065)	Loss 0.1268 (0.0640)
2023-11-17 01:47:22,337 Test: [120/200]	Time 0.052 (0.065)	Loss 0.0697 (0.0627)
2023-11-17 01:47:22,940 Test: [130/200]	Time 0.052 (0.065)	Loss 0.0527 (0.0628)
2023-11-17 01:47:23,587 Test: [140/200]	Time 0.055 (0.065)	Loss 0.0624 (0.0623)
2023-11-17 01:47:24,194 Test: [150/200]	Time 0.055 (0.064)	Loss 0.0619 (0.0616)
2023-11-17 01:47:24,793 Test: [160/200]	Time 0.055 (0.064)	Loss 0.0686 (0.0619)
2023-11-17 01:47:25,380 Test: [170/200]	Time 0.051 (0.064)	Loss 0.0730 (0.0612)
2023-11-17 01:47:26,003 Test: [180/200]	Time 0.059 (0.064)	Loss 0.0461 (0.0609)
2023-11-17 01:47:26,596 Test: [190/200]	Time 0.055 (0.063)	Loss 0.0312 (0.0610)
2023-11-17 01:47:28,957 Mean IoU score: 0.854
2023-11-17 01:47:28,959 => saving checkpoint to out
2023-11-17 01:47:30,022 Epoch: [7][0/200]	Time 0.991s (0.991s)	Speed 32.3 samples/s	Data 0.185s (0.185s)	Loss 0.01367 (0.01367)
2023-11-17 01:47:36,463 Epoch: [7][10/200]	Time 0.614s (0.676s)	Speed 52.1 samples/s	Data 0.005s (0.022s)	Loss 0.01317 (0.01419)
2023-11-17 01:47:42,908 Epoch: [7][20/200]	Time 0.618s (0.661s)	Speed 51.7 samples/s	Data 0.005s (0.014s)	Loss 0.01631 (0.01417)
2023-11-17 01:47:49,374 Epoch: [7][30/200]	Time 0.644s (0.656s)	Speed 49.7 samples/s	Data 0.005s (0.011s)	Loss 0.01514 (0.01387)
2023-11-17 01:47:55,981 Epoch: [7][40/200]	Time 0.621s (0.657s)	Speed 51.5 samples/s	Data 0.005s (0.010s)	Loss 0.01085 (0.01378)
2023-11-17 01:48:02,441 Epoch: [7][50/200]	Time 0.621s (0.655s)	Speed 51.5 samples/s	Data 0.005s (0.009s)	Loss 0.01281 (0.01356)
2023-11-17 01:48:09,008 Epoch: [7][60/200]	Time 0.618s (0.655s)	Speed 51.8 samples/s	Data 0.005s (0.008s)	Loss 0.01237 (0.01348)
2023-11-17 01:48:15,443 Epoch: [7][70/200]	Time 0.614s (0.654s)	Speed 52.1 samples/s	Data 0.005s (0.008s)	Loss 0.01153 (0.01333)
2023-11-17 01:48:21,898 Epoch: [7][80/200]	Time 0.620s (0.653s)	Speed 51.6 samples/s	Data 0.005s (0.008s)	Loss 0.01050 (0.01332)
2023-11-17 01:48:28,333 Epoch: [7][90/200]	Time 0.623s (0.652s)	Speed 51.4 samples/s	Data 0.005s (0.007s)	Loss 0.01516 (0.01318)
2023-11-17 01:48:34,902 Epoch: [7][100/200]	Time 0.689s (0.652s)	Speed 46.5 samples/s	Data 0.006s (0.007s)	Loss 0.01517 (0.01325)
2023-11-17 01:48:41,345 Epoch: [7][110/200]	Time 0.617s (0.651s)	Speed 51.9 samples/s	Data 0.005s (0.007s)	Loss 0.00940 (0.01319)
2023-11-17 01:48:47,785 Epoch: [7][120/200]	Time 0.617s (0.651s)	Speed 51.9 samples/s	Data 0.005s (0.007s)	Loss 0.01219 (0.01326)
2023-11-17 01:48:54,315 Epoch: [7][130/200]	Time 0.647s (0.651s)	Speed 49.4 samples/s	Data 0.005s (0.007s)	Loss 0.01179 (0.01325)
2023-11-17 01:49:00,802 Epoch: [7][140/200]	Time 0.639s (0.651s)	Speed 50.1 samples/s	Data 0.005s (0.007s)	Loss 0.01539 (0.01316)
2023-11-17 01:49:07,255 Epoch: [7][150/200]	Time 0.635s (0.650s)	Speed 50.4 samples/s	Data 0.005s (0.006s)	Loss 0.01058 (0.01309)
2023-11-17 01:49:13,724 Epoch: [7][160/200]	Time 0.619s (0.650s)	Speed 51.7 samples/s	Data 0.005s (0.006s)	Loss 0.01503 (0.01304)
2023-11-17 01:49:20,343 Epoch: [7][170/200]	Time 0.630s (0.651s)	Speed 50.8 samples/s	Data 0.005s (0.006s)	Loss 0.01349 (0.01303)
2023-11-17 01:49:26,743 Epoch: [7][180/200]	Time 0.625s (0.650s)	Speed 51.2 samples/s	Data 0.005s (0.006s)	Loss 0.01224 (0.01304)
2023-11-17 01:49:33,155 Epoch: [7][190/200]	Time 0.613s (0.650s)	Speed 52.2 samples/s	Data 0.005s (0.006s)	Loss 0.01231 (0.01309)
2023-11-17 01:49:39,228 Test: [0/200]	Time 0.144 (0.144)	Loss 0.0644 (0.0644)
2023-11-17 01:49:39,842 Test: [10/200]	Time 0.051 (0.069)	Loss 0.0219 (0.0515)
2023-11-17 01:49:40,562 Test: [20/200]	Time 0.051 (0.070)	Loss 0.0265 (0.0543)
2023-11-17 01:49:41,238 Test: [30/200]	Time 0.051 (0.069)	Loss 0.0766 (0.0610)
2023-11-17 01:49:41,862 Test: [40/200]	Time 0.052 (0.068)	Loss 0.0485 (0.0618)
2023-11-17 01:49:42,479 Test: [50/200]	Time 0.058 (0.067)	Loss 0.0954 (0.0609)
2023-11-17 01:49:43,092 Test: [60/200]	Time 0.052 (0.066)	Loss 0.0683 (0.0628)
2023-11-17 01:49:43,710 Test: [70/200]	Time 0.051 (0.065)	Loss 0.0521 (0.0625)
2023-11-17 01:49:44,307 Test: [80/200]	Time 0.052 (0.064)	Loss 0.0631 (0.0611)
2023-11-17 01:49:44,917 Test: [90/200]	Time 0.052 (0.064)	Loss 0.0699 (0.0618)
2023-11-17 01:49:45,565 Test: [100/200]	Time 0.052 (0.064)	Loss 0.1072 (0.0617)
2023-11-17 01:49:46,269 Test: [110/200]	Time 0.052 (0.065)	Loss 0.1358 (0.0622)
2023-11-17 01:49:46,865 Test: [120/200]	Time 0.052 (0.064)	Loss 0.0715 (0.0608)
2023-11-17 01:49:47,460 Test: [130/200]	Time 0.051 (0.064)	Loss 0.0531 (0.0609)
2023-11-17 01:49:48,072 Test: [140/200]	Time 0.054 (0.064)	Loss 0.0573 (0.0604)
2023-11-17 01:49:48,678 Test: [150/200]	Time 0.051 (0.064)	Loss 0.0606 (0.0596)
2023-11-17 01:49:49,285 Test: [160/200]	Time 0.052 (0.063)	Loss 0.0711 (0.0597)
2023-11-17 01:49:49,894 Test: [170/200]	Time 0.056 (0.063)	Loss 0.0799 (0.0591)
2023-11-17 01:49:50,562 Test: [180/200]	Time 0.056 (0.063)	Loss 0.0371 (0.0588)
2023-11-17 01:49:51,146 Test: [190/200]	Time 0.051 (0.063)	Loss 0.0290 (0.0587)
2023-11-17 01:49:53,513 Mean IoU score: 0.858
2023-11-17 01:49:53,515 => saving checkpoint to out
2023-11-17 01:49:54,593 Epoch: [8][0/200]	Time 1.002s (1.002s)	Speed 31.9 samples/s	Data 0.192s (0.192s)	Loss 0.01227 (0.01227)
2023-11-17 01:50:01,035 Epoch: [8][10/200]	Time 0.617s (0.677s)	Speed 51.8 samples/s	Data 0.006s (0.022s)	Loss 0.01037 (0.01166)
2023-11-17 01:50:07,459 Epoch: [8][20/200]	Time 0.631s (0.660s)	Speed 50.7 samples/s	Data 0.006s (0.014s)	Loss 0.01222 (0.01200)
2023-11-17 01:50:13,834 Epoch: [8][30/200]	Time 0.621s (0.653s)	Speed 51.5 samples/s	Data 0.005s (0.011s)	Loss 0.01156 (0.01197)
2023-11-17 01:50:20,164 Epoch: [8][40/200]	Time 0.618s (0.648s)	Speed 51.8 samples/s	Data 0.005s (0.010s)	Loss 0.00950 (0.01186)
2023-11-17 01:50:26,550 Epoch: [8][50/200]	Time 0.624s (0.646s)	Speed 51.3 samples/s	Data 0.005s (0.009s)	Loss 0.01221 (0.01195)
2023-11-17 01:50:32,959 Epoch: [8][60/200]	Time 0.651s (0.645s)	Speed 49.1 samples/s	Data 0.005s (0.008s)	Loss 0.01346 (0.01188)
2023-11-17 01:50:39,549 Epoch: [8][70/200]	Time 0.631s (0.647s)	Speed 50.7 samples/s	Data 0.005s (0.008s)	Loss 0.01131 (0.01174)
2023-11-17 01:50:45,944 Epoch: [8][80/200]	Time 0.614s (0.646s)	Speed 52.1 samples/s	Data 0.005s (0.008s)	Loss 0.00847 (0.01167)
2023-11-17 01:50:52,369 Epoch: [8][90/200]	Time 0.623s (0.646s)	Speed 51.4 samples/s	Data 0.005s (0.007s)	Loss 0.00924 (0.01155)
2023-11-17 01:50:58,894 Epoch: [8][100/200]	Time 0.626s (0.647s)	Speed 51.1 samples/s	Data 0.005s (0.007s)	Loss 0.01122 (0.01156)
2023-11-17 01:51:05,281 Epoch: [8][110/200]	Time 0.607s (0.646s)	Speed 52.7 samples/s	Data 0.005s (0.007s)	Loss 0.01303 (0.01155)
2023-11-17 01:51:11,770 Epoch: [8][120/200]	Time 0.621s (0.646s)	Speed 51.5 samples/s	Data 0.005s (0.007s)	Loss 0.01169 (0.01160)
2023-11-17 01:51:19,154 Epoch: [8][130/200]	Time 0.673s (0.653s)	Speed 47.6 samples/s	Data 0.005s (0.007s)	Loss 0.00819 (0.01157)
2023-11-17 01:51:25,809 Epoch: [8][140/200]	Time 0.635s (0.654s)	Speed 50.4 samples/s	Data 0.005s (0.007s)	Loss 0.01352 (0.01158)
2023-11-17 01:51:32,198 Epoch: [8][150/200]	Time 0.623s (0.653s)	Speed 51.4 samples/s	Data 0.005s (0.007s)	Loss 0.01019 (0.01151)
2023-11-17 01:51:38,771 Epoch: [8][160/200]	Time 0.642s (0.653s)	Speed 49.8 samples/s	Data 0.005s (0.006s)	Loss 0.01203 (0.01151)
2023-11-17 01:51:45,241 Epoch: [8][170/200]	Time 0.628s (0.653s)	Speed 51.0 samples/s	Data 0.005s (0.006s)	Loss 0.01081 (0.01152)
2023-11-17 01:51:51,727 Epoch: [8][180/200]	Time 0.622s (0.653s)	Speed 51.4 samples/s	Data 0.005s (0.006s)	Loss 0.01300 (0.01151)
2023-11-17 01:51:58,190 Epoch: [8][190/200]	Time 0.620s (0.652s)	Speed 51.7 samples/s	Data 0.005s (0.006s)	Loss 0.01235 (0.01146)
2023-11-17 01:52:04,194 Test: [0/200]	Time 0.143 (0.143)	Loss 0.0623 (0.0623)
2023-11-17 01:52:04,828 Test: [10/200]	Time 0.050 (0.071)	Loss 0.0173 (0.0528)
2023-11-17 01:52:05,543 Test: [20/200]	Time 0.051 (0.071)	Loss 0.0286 (0.0539)
2023-11-17 01:52:06,174 Test: [30/200]	Time 0.053 (0.068)	Loss 0.0682 (0.0601)
2023-11-17 01:52:06,792 Test: [40/200]	Time 0.053 (0.067)	Loss 0.0552 (0.0617)
2023-11-17 01:52:07,413 Test: [50/200]	Time 0.052 (0.066)	Loss 0.1064 (0.0607)
2023-11-17 01:52:08,017 Test: [60/200]	Time 0.052 (0.065)	Loss 0.0634 (0.0626)
2023-11-17 01:52:08,712 Test: [70/200]	Time 0.053 (0.066)	Loss 0.0526 (0.0626)
2023-11-17 01:52:09,321 Test: [80/200]	Time 0.059 (0.065)	Loss 0.0611 (0.0609)
2023-11-17 01:52:09,925 Test: [90/200]	Time 0.058 (0.065)	Loss 0.0740 (0.0616)
2023-11-17 01:52:10,556 Test: [100/200]	Time 0.052 (0.064)	Loss 0.0973 (0.0614)
2023-11-17 01:52:11,152 Test: [110/200]	Time 0.052 (0.064)	Loss 0.1458 (0.0621)
2023-11-17 01:52:11,779 Test: [120/200]	Time 0.051 (0.064)	Loss 0.0584 (0.0608)
2023-11-17 01:52:12,392 Test: [130/200]	Time 0.052 (0.064)	Loss 0.0618 (0.0610)
2023-11-17 01:52:12,999 Test: [140/200]	Time 0.052 (0.063)	Loss 0.0606 (0.0607)
2023-11-17 01:52:13,602 Test: [150/200]	Time 0.051 (0.063)	Loss 0.0634 (0.0599)
2023-11-17 01:52:14,322 Test: [160/200]	Time 0.052 (0.064)	Loss 0.0661 (0.0602)
2023-11-17 01:52:14,928 Test: [170/200]	Time 0.051 (0.064)	Loss 0.0704 (0.0598)
2023-11-17 01:52:15,570 Test: [180/200]	Time 0.060 (0.064)	Loss 0.0451 (0.0595)
2023-11-17 01:52:16,188 Test: [190/200]	Time 0.057 (0.064)	Loss 0.0268 (0.0596)
2023-11-17 01:52:18,518 Mean IoU score: 0.856
2023-11-17 01:52:18,520 => saving checkpoint to out
2023-11-17 01:52:19,623 Epoch: [9][0/200]	Time 1.042s (1.042s)	Speed 30.7 samples/s	Data 0.205s (0.205s)	Loss 0.01148 (0.01148)
2023-11-17 01:52:26,342 Epoch: [9][10/200]	Time 0.652s (0.706s)	Speed 49.1 samples/s	Data 0.005s (0.024s)	Loss 0.01002 (0.01053)
2023-11-17 01:52:32,822 Epoch: [9][20/200]	Time 0.659s (0.678s)	Speed 48.5 samples/s	Data 0.005s (0.015s)	Loss 0.01517 (0.01080)
2023-11-17 01:52:39,365 Epoch: [9][30/200]	Time 0.638s (0.670s)	Speed 50.2 samples/s	Data 0.005s (0.012s)	Loss 0.00974 (0.01089)
2023-11-17 01:52:45,899 Epoch: [9][40/200]	Time 0.628s (0.666s)	Speed 50.9 samples/s	Data 0.005s (0.010s)	Loss 0.01041 (0.01090)
2023-11-17 01:52:52,399 Epoch: [9][50/200]	Time 0.625s (0.663s)	Speed 51.2 samples/s	Data 0.005s (0.009s)	Loss 0.00748 (0.01072)
2023-11-17 01:52:58,801 Epoch: [9][60/200]	Time 0.642s (0.659s)	Speed 49.8 samples/s	Data 0.005s (0.009s)	Loss 0.01120 (0.01057)
2023-11-17 01:53:05,267 Epoch: [9][70/200]	Time 0.629s (0.658s)	Speed 50.9 samples/s	Data 0.005s (0.008s)	Loss 0.01025 (0.01058)
2023-11-17 01:53:11,653 Epoch: [9][80/200]	Time 0.610s (0.655s)	Speed 52.4 samples/s	Data 0.005s (0.008s)	Loss 0.00807 (0.01061)
2023-11-17 01:53:18,131 Epoch: [9][90/200]	Time 0.619s (0.654s)	Speed 51.7 samples/s	Data 0.005s (0.007s)	Loss 0.01098 (0.01054)
2023-11-17 01:53:24,580 Epoch: [9][100/200]	Time 0.627s (0.653s)	Speed 51.0 samples/s	Data 0.005s (0.007s)	Loss 0.01518 (0.01058)
2023-11-17 01:53:31,011 Epoch: [9][110/200]	Time 0.626s (0.653s)	Speed 51.1 samples/s	Data 0.005s (0.007s)	Loss 0.01164 (0.01055)
2023-11-17 01:53:37,477 Epoch: [9][120/200]	Time 0.616s (0.652s)	Speed 51.9 samples/s	Data 0.007s (0.007s)	Loss 0.00955 (0.01047)
2023-11-17 01:53:43,937 Epoch: [9][130/200]	Time 0.622s (0.652s)	Speed 51.5 samples/s	Data 0.006s (0.007s)	Loss 0.00787 (0.01051)
2023-11-17 01:53:50,331 Epoch: [9][140/200]	Time 0.634s (0.651s)	Speed 50.5 samples/s	Data 0.005s (0.007s)	Loss 0.01097 (0.01049)
2023-11-17 01:53:56,748 Epoch: [9][150/200]	Time 0.631s (0.650s)	Speed 50.7 samples/s	Data 0.005s (0.007s)	Loss 0.00853 (0.01046)
2023-11-17 01:54:03,286 Epoch: [9][160/200]	Time 0.607s (0.650s)	Speed 52.7 samples/s	Data 0.005s (0.007s)	Loss 0.01107 (0.01045)
2023-11-17 01:54:09,686 Epoch: [9][170/200]	Time 0.619s (0.650s)	Speed 51.7 samples/s	Data 0.005s (0.007s)	Loss 0.01050 (0.01041)
2023-11-17 01:54:16,099 Epoch: [9][180/200]	Time 0.619s (0.649s)	Speed 51.7 samples/s	Data 0.005s (0.006s)	Loss 0.00908 (0.01038)
2023-11-17 01:54:22,646 Epoch: [9][190/200]	Time 0.630s (0.650s)	Speed 50.8 samples/s	Data 0.005s (0.006s)	Loss 0.00755 (0.01032)
2023-11-17 01:54:28,660 Test: [0/200]	Time 0.138 (0.138)	Loss 0.0645 (0.0645)
2023-11-17 01:54:29,302 Test: [10/200]	Time 0.051 (0.071)	Loss 0.0237 (0.0525)
2023-11-17 01:54:30,037 Test: [20/200]	Time 0.056 (0.072)	Loss 0.0312 (0.0526)
2023-11-17 01:54:30,661 Test: [30/200]	Time 0.054 (0.069)	Loss 0.0706 (0.0594)
2023-11-17 01:54:31,293 Test: [40/200]	Time 0.052 (0.068)	Loss 0.0497 (0.0602)
2023-11-17 01:54:31,911 Test: [50/200]	Time 0.052 (0.066)	Loss 0.0935 (0.0593)
2023-11-17 01:54:32,549 Test: [60/200]	Time 0.058 (0.066)	Loss 0.0605 (0.0613)
2023-11-17 01:54:33,152 Test: [70/200]	Time 0.052 (0.065)	Loss 0.0451 (0.0608)
2023-11-17 01:54:33,745 Test: [80/200]	Time 0.051 (0.064)	Loss 0.0576 (0.0592)
2023-11-17 01:54:34,461 Test: [90/200]	Time 0.051 (0.065)	Loss 0.0788 (0.0601)
2023-11-17 01:54:35,134 Test: [100/200]	Time 0.053 (0.065)	Loss 0.1031 (0.0602)
2023-11-17 01:54:35,745 Test: [110/200]	Time 0.050 (0.065)	Loss 0.1664 (0.0615)
2023-11-17 01:54:36,354 Test: [120/200]	Time 0.052 (0.065)	Loss 0.0697 (0.0601)
2023-11-17 01:54:36,976 Test: [130/200]	Time 0.055 (0.065)	Loss 0.0518 (0.0604)
2023-11-17 01:54:37,579 Test: [140/200]	Time 0.054 (0.064)	Loss 0.0637 (0.0596)
2023-11-17 01:54:38,257 Test: [150/200]	Time 0.051 (0.064)	Loss 0.0601 (0.0589)
2023-11-17 01:54:38,850 Test: [160/200]	Time 0.051 (0.064)	Loss 0.0702 (0.0589)
2023-11-17 01:54:39,469 Test: [170/200]	Time 0.071 (0.064)	Loss 0.0631 (0.0584)
2023-11-17 01:54:40,132 Test: [180/200]	Time 0.054 (0.064)	Loss 0.0396 (0.0580)
2023-11-17 01:54:40,842 Test: [190/200]	Time 0.052 (0.064)	Loss 0.0243 (0.0577)
2023-11-17 01:54:43,212 Mean IoU score: 0.861
2023-11-17 01:54:43,214 => saving checkpoint to out
2023-11-17 01:54:44,255 Epoch: [10][0/200]	Time 0.966s (0.966s)	Speed 33.1 samples/s	Data 0.197s (0.197s)	Loss 0.00783 (0.00783)
2023-11-17 01:54:50,735 Epoch: [10][10/200]	Time 0.647s (0.677s)	Speed 49.5 samples/s	Data 0.005s (0.023s)	Loss 0.00787 (0.00919)
2023-11-17 01:54:57,357 Epoch: [10][20/200]	Time 0.633s (0.670s)	Speed 50.6 samples/s	Data 0.005s (0.014s)	Loss 0.00886 (0.00873)
2023-11-17 01:55:03,841 Epoch: [10][30/200]	Time 0.615s (0.663s)	Speed 52.0 samples/s	Data 0.005s (0.012s)	Loss 0.01079 (0.00908)
2023-11-17 01:55:10,468 Epoch: [10][40/200]	Time 0.630s (0.663s)	Speed 50.8 samples/s	Data 0.005s (0.010s)	Loss 0.00772 (0.00940)
2023-11-17 01:55:16,882 Epoch: [10][50/200]	Time 0.636s (0.659s)	Speed 50.3 samples/s	Data 0.005s (0.009s)	Loss 0.01280 (0.00949)
2023-11-17 01:55:23,326 Epoch: [10][60/200]	Time 0.608s (0.656s)	Speed 52.6 samples/s	Data 0.005s (0.009s)	Loss 0.01311 (0.00958)
2023-11-17 01:55:29,793 Epoch: [10][70/200]	Time 0.629s (0.655s)	Speed 50.8 samples/s	Data 0.006s (0.008s)	Loss 0.00840 (0.00960)
2023-11-17 01:55:36,320 Epoch: [10][80/200]	Time 0.641s (0.655s)	Speed 49.9 samples/s	Data 0.005s (0.008s)	Loss 0.00995 (0.00957)
2023-11-17 01:55:42,806 Epoch: [10][90/200]	Time 0.631s (0.654s)	Speed 50.7 samples/s	Data 0.006s (0.008s)	Loss 0.00756 (0.00954)
2023-11-17 01:55:49,324 Epoch: [10][100/200]	Time 0.624s (0.654s)	Speed 51.3 samples/s	Data 0.005s (0.007s)	Loss 0.00879 (0.00960)
2023-11-17 01:55:55,792 Epoch: [10][110/200]	Time 0.613s (0.653s)	Speed 52.2 samples/s	Data 0.006s (0.007s)	Loss 0.00889 (0.00960)
2023-11-17 01:56:02,287 Epoch: [10][120/200]	Time 0.608s (0.653s)	Speed 52.7 samples/s	Data 0.005s (0.007s)	Loss 0.01023 (0.00967)
2023-11-17 01:56:08,742 Epoch: [10][130/200]	Time 0.622s (0.652s)	Speed 51.5 samples/s	Data 0.005s (0.007s)	Loss 0.00957 (0.00968)
2023-11-17 01:56:15,118 Epoch: [10][140/200]	Time 0.616s (0.651s)	Speed 51.9 samples/s	Data 0.005s (0.007s)	Loss 0.00944 (0.00969)
2023-11-17 01:56:21,668 Epoch: [10][150/200]	Time 0.632s (0.652s)	Speed 50.7 samples/s	Data 0.005s (0.007s)	Loss 0.00954 (0.00967)
2023-11-17 01:56:28,140 Epoch: [10][160/200]	Time 0.635s (0.651s)	Speed 50.4 samples/s	Data 0.005s (0.007s)	Loss 0.00843 (0.00966)
2023-11-17 01:56:34,726 Epoch: [10][170/200]	Time 0.790s (0.652s)	Speed 40.5 samples/s	Data 0.005s (0.007s)	Loss 0.01108 (0.00967)
2023-11-17 01:56:42,254 Epoch: [10][180/200]	Time 0.683s (0.657s)	Speed 46.9 samples/s	Data 0.006s (0.007s)	Loss 0.00894 (0.00962)
2023-11-17 01:56:48,731 Epoch: [10][190/200]	Time 0.625s (0.657s)	Speed 51.2 samples/s	Data 0.004s (0.006s)	Loss 0.00984 (0.00961)
2023-11-17 01:56:54,730 Test: [0/200]	Time 0.125 (0.125)	Loss 0.0695 (0.0695)
2023-11-17 01:56:55,375 Test: [10/200]	Time 0.050 (0.070)	Loss 0.0211 (0.0509)
2023-11-17 01:56:56,013 Test: [20/200]	Time 0.051 (0.067)	Loss 0.0294 (0.0539)
2023-11-17 01:56:56,723 Test: [30/200]	Time 0.065 (0.068)	Loss 0.0731 (0.0605)
2023-11-17 01:56:57,345 Test: [40/200]	Time 0.055 (0.067)	Loss 0.0517 (0.0608)
2023-11-17 01:56:57,971 Test: [50/200]	Time 0.052 (0.066)	Loss 0.0933 (0.0604)
2023-11-17 01:56:58,598 Test: [60/200]	Time 0.055 (0.065)	Loss 0.0684 (0.0621)
2023-11-17 01:56:59,212 Test: [70/200]	Time 0.053 (0.065)	Loss 0.0521 (0.0617)
2023-11-17 01:56:59,806 Test: [80/200]	Time 0.052 (0.064)	Loss 0.0538 (0.0601)
2023-11-17 01:57:00,468 Test: [90/200]	Time 0.052 (0.064)	Loss 0.0636 (0.0612)
2023-11-17 01:57:01,155 Test: [100/200]	Time 0.052 (0.065)	Loss 0.0999 (0.0612)
2023-11-17 01:57:01,753 Test: [110/200]	Time 0.056 (0.064)	Loss 0.1834 (0.0625)
2023-11-17 01:57:02,343 Test: [120/200]	Time 0.052 (0.064)	Loss 0.0734 (0.0612)
2023-11-17 01:57:02,949 Test: [130/200]	Time 0.051 (0.064)	Loss 0.0456 (0.0614)
2023-11-17 01:57:03,545 Test: [140/200]	Time 0.051 (0.063)	Loss 0.0649 (0.0606)
2023-11-17 01:57:04,204 Test: [150/200]	Time 0.052 (0.064)	Loss 0.0671 (0.0599)
2023-11-17 01:57:04,847 Test: [160/200]	Time 0.051 (0.064)	Loss 0.0819 (0.0600)
2023-11-17 01:57:05,451 Test: [170/200]	Time 0.052 (0.063)	Loss 0.0770 (0.0594)
2023-11-17 01:57:06,158 Test: [180/200]	Time 0.071 (0.064)	Loss 0.0378 (0.0590)
2023-11-17 01:57:06,764 Test: [190/200]	Time 0.052 (0.064)	Loss 0.0238 (0.0589)
2023-11-17 01:57:09,203 Mean IoU score: 0.860
2023-11-17 01:57:09,205 => saving checkpoint to out
2023-11-17 01:57:10,293 Epoch: [11][0/200]	Time 1.039s (1.039s)	Speed 30.8 samples/s	Data 0.202s (0.202s)	Loss 0.00787 (0.00787)
2023-11-17 01:57:16,719 Epoch: [11][10/200]	Time 0.625s (0.679s)	Speed 51.2 samples/s	Data 0.005s (0.023s)	Loss 0.00912 (0.00823)
2023-11-17 01:57:23,103 Epoch: [11][20/200]	Time 0.626s (0.659s)	Speed 51.1 samples/s	Data 0.005s (0.014s)	Loss 0.01038 (0.00821)
2023-11-17 01:57:29,597 Epoch: [11][30/200]	Time 0.640s (0.656s)	Speed 50.0 samples/s	Data 0.005s (0.011s)	Loss 0.00782 (0.00833)
2023-11-17 01:57:36,073 Epoch: [11][40/200]	Time 0.626s (0.654s)	Speed 51.1 samples/s	Data 0.005s (0.010s)	Loss 0.01203 (0.00852)
2023-11-17 01:57:42,585 Epoch: [11][50/200]	Time 0.635s (0.654s)	Speed 50.4 samples/s	Data 0.005s (0.009s)	Loss 0.00827 (0.00862)
2023-11-17 01:57:49,048 Epoch: [11][60/200]	Time 0.615s (0.652s)	Speed 52.1 samples/s	Data 0.006s (0.009s)	Loss 0.00922 (0.00872)
2023-11-17 01:57:55,502 Epoch: [11][70/200]	Time 0.634s (0.651s)	Speed 50.5 samples/s	Data 0.005s (0.008s)	Loss 0.00903 (0.00867)
2023-11-17 01:58:02,053 Epoch: [11][80/200]	Time 0.624s (0.652s)	Speed 51.3 samples/s	Data 0.005s (0.008s)	Loss 0.00851 (0.00866)
2023-11-17 01:58:08,440 Epoch: [11][90/200]	Time 0.632s (0.650s)	Speed 50.6 samples/s	Data 0.005s (0.007s)	Loss 0.00827 (0.00863)
2023-11-17 01:58:14,910 Epoch: [11][100/200]	Time 0.628s (0.650s)	Speed 51.0 samples/s	Data 0.005s (0.007s)	Loss 0.00934 (0.00870)
2023-11-17 01:58:21,365 Epoch: [11][110/200]	Time 0.635s (0.650s)	Speed 50.4 samples/s	Data 0.006s (0.007s)	Loss 0.01039 (0.00869)
2023-11-17 01:58:27,837 Epoch: [11][120/200]	Time 0.626s (0.649s)	Speed 51.1 samples/s	Data 0.005s (0.007s)	Loss 0.00786 (0.00872)
2023-11-17 01:58:34,341 Epoch: [11][130/200]	Time 0.661s (0.650s)	Speed 48.4 samples/s	Data 0.005s (0.007s)	Loss 0.00877 (0.00875)
2023-11-17 01:58:40,852 Epoch: [11][140/200]	Time 0.623s (0.650s)	Speed 51.4 samples/s	Data 0.005s (0.007s)	Loss 0.01200 (0.00886)
2023-11-17 01:58:47,293 Epoch: [11][150/200]	Time 0.619s (0.649s)	Speed 51.7 samples/s	Data 0.005s (0.007s)	Loss 0.01111 (0.00887)
2023-11-17 01:58:53,681 Epoch: [11][160/200]	Time 0.622s (0.649s)	Speed 51.4 samples/s	Data 0.006s (0.007s)	Loss 0.01018 (0.00891)
2023-11-17 01:59:00,137 Epoch: [11][170/200]	Time 0.631s (0.648s)	Speed 50.7 samples/s	Data 0.005s (0.007s)	Loss 0.01051 (0.00896)
2023-11-17 01:59:06,597 Epoch: [11][180/200]	Time 0.628s (0.648s)	Speed 50.9 samples/s	Data 0.005s (0.006s)	Loss 0.00788 (0.00897)
2023-11-17 01:59:13,132 Epoch: [11][190/200]	Time 0.620s (0.649s)	Speed 51.6 samples/s	Data 0.005s (0.006s)	Loss 0.00873 (0.00895)
2023-11-17 01:59:19,178 Test: [0/200]	Time 0.129 (0.129)	Loss 0.0617 (0.0617)
2023-11-17 01:59:19,814 Test: [10/200]	Time 0.051 (0.070)	Loss 0.0245 (0.0511)
2023-11-17 01:59:20,478 Test: [20/200]	Time 0.051 (0.068)	Loss 0.0247 (0.0527)
2023-11-17 01:59:21,117 Test: [30/200]	Time 0.061 (0.067)	Loss 0.0738 (0.0607)
2023-11-17 01:59:21,827 Test: [40/200]	Time 0.059 (0.068)	Loss 0.0454 (0.0607)
2023-11-17 01:59:22,457 Test: [50/200]	Time 0.062 (0.067)	Loss 0.0962 (0.0602)
2023-11-17 01:59:23,060 Test: [60/200]	Time 0.051 (0.066)	Loss 0.0640 (0.0629)
2023-11-17 01:59:23,679 Test: [70/200]	Time 0.057 (0.065)	Loss 0.0464 (0.0625)
2023-11-17 01:59:24,280 Test: [80/200]	Time 0.053 (0.065)	Loss 0.0595 (0.0609)
2023-11-17 01:59:24,889 Test: [90/200]	Time 0.052 (0.064)	Loss 0.0679 (0.0614)
2023-11-17 01:59:25,565 Test: [100/200]	Time 0.053 (0.065)	Loss 0.1060 (0.0612)
2023-11-17 01:59:26,172 Test: [110/200]	Time 0.051 (0.064)	Loss 0.1645 (0.0619)
2023-11-17 01:59:26,844 Test: [120/200]	Time 0.051 (0.064)	Loss 0.0749 (0.0605)
2023-11-17 01:59:27,440 Test: [130/200]	Time 0.051 (0.064)	Loss 0.0449 (0.0607)
2023-11-17 01:59:28,045 Test: [140/200]	Time 0.052 (0.064)	Loss 0.0738 (0.0599)
2023-11-17 01:59:28,654 Test: [150/200]	Time 0.052 (0.064)	Loss 0.0565 (0.0593)
2023-11-17 01:59:29,280 Test: [160/200]	Time 0.059 (0.064)	Loss 0.0698 (0.0592)
2023-11-17 01:59:29,874 Test: [170/200]	Time 0.051 (0.063)	Loss 0.0625 (0.0586)
2023-11-17 01:59:30,512 Test: [180/200]	Time 0.051 (0.063)	Loss 0.0365 (0.0582)
2023-11-17 01:59:31,101 Test: [190/200]	Time 0.051 (0.063)	Loss 0.0235 (0.0582)
2023-11-17 01:59:33,434 Mean IoU score: 0.862
2023-11-17 01:59:33,437 => saving checkpoint to out
2023-11-17 01:59:34,554 Epoch: [12][0/200]	Time 1.044s (1.044s)	Speed 30.6 samples/s	Data 0.198s (0.198s)	Loss 0.01011 (0.01011)
2023-11-17 01:59:41,136 Epoch: [12][10/200]	Time 0.635s (0.693s)	Speed 50.4 samples/s	Data 0.006s (0.023s)	Loss 0.00968 (0.00935)
2023-11-17 01:59:47,573 Epoch: [12][20/200]	Time 0.640s (0.670s)	Speed 50.0 samples/s	Data 0.006s (0.015s)	Loss 0.01010 (0.00867)
2023-11-17 01:59:53,906 Epoch: [12][30/200]	Time 0.622s (0.658s)	Speed 51.5 samples/s	Data 0.006s (0.012s)	Loss 0.00920 (0.00855)
2023-11-17 02:00:00,327 Epoch: [12][40/200]	Time 0.639s (0.654s)	Speed 50.1 samples/s	Data 0.006s (0.010s)	Loss 0.00829 (0.00849)
2023-11-17 02:00:06,848 Epoch: [12][50/200]	Time 0.630s (0.654s)	Speed 50.8 samples/s	Data 0.005s (0.010s)	Loss 0.00800 (0.00841)
2023-11-17 02:00:13,338 Epoch: [12][60/200]	Time 0.631s (0.653s)	Speed 50.7 samples/s	Data 0.005s (0.009s)	Loss 0.00627 (0.00839)
2023-11-17 02:00:19,756 Epoch: [12][70/200]	Time 0.628s (0.651s)	Speed 51.0 samples/s	Data 0.005s (0.008s)	Loss 0.00937 (0.00835)
2023-11-17 02:00:26,139 Epoch: [12][80/200]	Time 0.636s (0.650s)	Speed 50.3 samples/s	Data 0.006s (0.008s)	Loss 0.00912 (0.00840)
2023-11-17 02:00:32,673 Epoch: [12][90/200]	Time 0.676s (0.650s)	Speed 47.4 samples/s	Data 0.005s (0.008s)	Loss 0.00688 (0.00839)
2023-11-17 02:00:39,155 Epoch: [12][100/200]	Time 0.632s (0.650s)	Speed 50.6 samples/s	Data 0.006s (0.008s)	Loss 0.00786 (0.00834)
2023-11-17 02:00:45,583 Epoch: [12][110/200]	Time 0.628s (0.649s)	Speed 50.9 samples/s	Data 0.007s (0.007s)	Loss 0.00755 (0.00837)
2023-11-17 02:00:52,046 Epoch: [12][120/200]	Time 0.630s (0.649s)	Speed 50.8 samples/s	Data 0.005s (0.007s)	Loss 0.00686 (0.00833)
2023-11-17 02:00:58,544 Epoch: [12][130/200]	Time 0.620s (0.649s)	Speed 51.6 samples/s	Data 0.004s (0.007s)	Loss 0.00834 (0.00834)
2023-11-17 02:01:04,950 Epoch: [12][140/200]	Time 0.633s (0.649s)	Speed 50.6 samples/s	Data 0.005s (0.007s)	Loss 0.00832 (0.00835)
2023-11-17 02:01:11,406 Epoch: [12][150/200]	Time 0.624s (0.648s)	Speed 51.3 samples/s	Data 0.005s (0.007s)	Loss 0.00843 (0.00834)
2023-11-17 02:01:17,862 Epoch: [12][160/200]	Time 0.610s (0.648s)	Speed 52.4 samples/s	Data 0.005s (0.007s)	Loss 0.01019 (0.00832)
2023-11-17 02:01:24,286 Epoch: [12][170/200]	Time 0.625s (0.648s)	Speed 51.2 samples/s	Data 0.006s (0.007s)	Loss 0.00732 (0.00835)
2023-11-17 02:01:30,766 Epoch: [12][180/200]	Time 0.631s (0.648s)	Speed 50.7 samples/s	Data 0.006s (0.007s)	Loss 0.00727 (0.00835)
2023-11-17 02:01:37,353 Epoch: [12][190/200]	Time 0.633s (0.648s)	Speed 50.6 samples/s	Data 0.004s (0.006s)	Loss 0.00702 (0.00833)
2023-11-17 02:01:43,433 Test: [0/200]	Time 0.143 (0.143)	Loss 0.0664 (0.0664)
2023-11-17 02:01:44,046 Test: [10/200]	Time 0.052 (0.069)	Loss 0.0265 (0.0507)
2023-11-17 02:01:44,752 Test: [20/200]	Time 0.050 (0.070)	Loss 0.0298 (0.0545)
2023-11-17 02:01:45,381 Test: [30/200]	Time 0.055 (0.067)	Loss 0.0733 (0.0634)
2023-11-17 02:01:45,993 Test: [40/200]	Time 0.050 (0.066)	Loss 0.0529 (0.0639)
2023-11-17 02:01:46,616 Test: [50/200]	Time 0.052 (0.065)	Loss 0.0966 (0.0631)
2023-11-17 02:01:47,228 Test: [60/200]	Time 0.056 (0.065)	Loss 0.0663 (0.0653)
2023-11-17 02:01:47,844 Test: [70/200]	Time 0.052 (0.064)	Loss 0.0620 (0.0654)
2023-11-17 02:01:48,582 Test: [80/200]	Time 0.054 (0.065)	Loss 0.0505 (0.0637)
2023-11-17 02:01:49,174 Test: [90/200]	Time 0.053 (0.065)	Loss 0.0805 (0.0643)
2023-11-17 02:01:49,806 Test: [100/200]	Time 0.052 (0.065)	Loss 0.1183 (0.0641)
2023-11-17 02:01:50,449 Test: [110/200]	Time 0.053 (0.064)	Loss 0.1649 (0.0652)
2023-11-17 02:01:51,060 Test: [120/200]	Time 0.053 (0.064)	Loss 0.0703 (0.0639)
2023-11-17 02:01:51,662 Test: [130/200]	Time 0.052 (0.064)	Loss 0.0503 (0.0638)
2023-11-17 02:01:52,260 Test: [140/200]	Time 0.051 (0.064)	Loss 0.0722 (0.0633)
2023-11-17 02:01:52,881 Test: [150/200]	Time 0.051 (0.064)	Loss 0.0713 (0.0624)
2023-11-17 02:01:53,482 Test: [160/200]	Time 0.052 (0.063)	Loss 0.0824 (0.0626)
2023-11-17 02:01:54,176 Test: [170/200]	Time 0.052 (0.064)	Loss 0.0604 (0.0618)
2023-11-17 02:01:54,822 Test: [180/200]	Time 0.061 (0.064)	Loss 0.0314 (0.0614)
2023-11-17 02:01:55,579 Test: [190/200]	Time 0.082 (0.064)	Loss 0.0238 (0.0615)
2023-11-17 02:01:58,429 Mean IoU score: 0.853
2023-11-17 02:01:58,431 => saving checkpoint to out
2023-11-17 02:01:59,648 Epoch: [13][0/200]	Time 1.165s (1.165s)	Speed 27.5 samples/s	Data 0.212s (0.212s)	Loss 0.00589 (0.00589)
2023-11-17 02:02:06,535 Epoch: [13][10/200]	Time 0.639s (0.732s)	Speed 50.1 samples/s	Data 0.005s (0.024s)	Loss 0.00681 (0.00827)
2023-11-17 02:02:12,949 Epoch: [13][20/200]	Time 0.622s (0.689s)	Speed 51.5 samples/s	Data 0.005s (0.015s)	Loss 0.00614 (0.00785)
2023-11-17 02:02:19,284 Epoch: [13][30/200]	Time 0.611s (0.671s)	Speed 52.4 samples/s	Data 0.006s (0.012s)	Loss 0.00700 (0.00799)
2023-11-17 02:02:25,721 Epoch: [13][40/200]	Time 0.654s (0.664s)	Speed 49.0 samples/s	Data 0.006s (0.011s)	Loss 0.00907 (0.00806)
2023-11-17 02:02:32,124 Epoch: [13][50/200]	Time 0.621s (0.660s)	Speed 51.6 samples/s	Data 0.005s (0.010s)	Loss 0.00879 (0.00804)
2023-11-17 02:02:38,711 Epoch: [13][60/200]	Time 0.635s (0.659s)	Speed 50.4 samples/s	Data 0.005s (0.009s)	Loss 0.01070 (0.00809)
2023-11-17 02:02:45,228 Epoch: [13][70/200]	Time 0.622s (0.658s)	Speed 51.5 samples/s	Data 0.006s (0.008s)	Loss 0.00910 (0.00807)
2023-11-17 02:02:51,747 Epoch: [13][80/200]	Time 0.647s (0.658s)	Speed 49.5 samples/s	Data 0.005s (0.008s)	Loss 0.00890 (0.00814)
2023-11-17 02:02:58,220 Epoch: [13][90/200]	Time 0.620s (0.656s)	Speed 51.6 samples/s	Data 0.005s (0.008s)	Loss 0.00989 (0.00818)
2023-11-17 02:03:04,703 Epoch: [13][100/200]	Time 0.644s (0.656s)	Speed 49.7 samples/s	Data 0.005s (0.007s)	Loss 0.00595 (0.00820)
2023-11-17 02:03:11,179 Epoch: [13][110/200]	Time 0.637s (0.655s)	Speed 50.2 samples/s	Data 0.005s (0.007s)	Loss 0.00866 (0.00823)
2023-11-17 02:03:17,634 Epoch: [13][120/200]	Time 0.617s (0.654s)	Speed 51.9 samples/s	Data 0.005s (0.007s)	Loss 0.00839 (0.00824)
2023-11-17 02:03:24,037 Epoch: [13][130/200]	Time 0.613s (0.653s)	Speed 52.2 samples/s	Data 0.005s (0.007s)	Loss 0.01080 (0.00826)
2023-11-17 02:03:30,473 Epoch: [13][140/200]	Time 0.627s (0.652s)	Speed 51.0 samples/s	Data 0.005s (0.007s)	Loss 0.00930 (0.00831)
2023-11-17 02:03:36,909 Epoch: [13][150/200]	Time 0.650s (0.652s)	Speed 49.3 samples/s	Data 0.006s (0.007s)	Loss 0.00751 (0.00829)
2023-11-17 02:03:43,452 Epoch: [13][160/200]	Time 0.621s (0.652s)	Speed 51.6 samples/s	Data 0.005s (0.007s)	Loss 0.00990 (0.00831)
2023-11-17 02:03:49,899 Epoch: [13][170/200]	Time 0.638s (0.652s)	Speed 50.1 samples/s	Data 0.004s (0.007s)	Loss 0.01124 (0.00844)
2023-11-17 02:03:56,356 Epoch: [13][180/200]	Time 0.615s (0.651s)	Speed 52.1 samples/s	Data 0.005s (0.007s)	Loss 0.01639 (0.00868)
2023-11-17 02:04:02,882 Epoch: [13][190/200]	Time 0.633s (0.651s)	Speed 50.6 samples/s	Data 0.005s (0.006s)	Loss 0.01909 (0.00901)
2023-11-17 02:04:08,900 Test: [0/200]	Time 0.131 (0.131)	Loss 0.3809 (0.3809)
2023-11-17 02:04:09,536 Test: [10/200]	Time 0.052 (0.070)	Loss 0.3529 (0.3436)
2023-11-17 02:04:10,377 Test: [20/200]	Time 0.067 (0.077)	Loss 0.2997 (0.3408)
2023-11-17 02:04:11,139 Test: [30/200]	Time 0.079 (0.076)	Loss 0.4710 (0.3459)
2023-11-17 02:04:11,892 Test: [40/200]	Time 0.073 (0.076)	Loss 0.3426 (0.3507)
2023-11-17 02:04:12,648 Test: [50/200]	Time 0.071 (0.076)	Loss 0.3970 (0.3445)
2023-11-17 02:04:13,398 Test: [60/200]	Time 0.070 (0.076)	Loss 0.3120 (0.3523)
2023-11-17 02:04:14,159 Test: [70/200]	Time 0.067 (0.076)	Loss 0.3578 (0.3520)
2023-11-17 02:04:14,766 Test: [80/200]	Time 0.054 (0.074)	Loss 0.2606 (0.3514)
2023-11-17 02:04:15,513 Test: [90/200]	Time 0.055 (0.074)	Loss 0.3060 (0.3503)
2023-11-17 02:04:16,140 Test: [100/200]	Time 0.056 (0.073)	Loss 0.3934 (0.3487)
2023-11-17 02:04:16,743 Test: [110/200]	Time 0.052 (0.072)	Loss 0.3731 (0.3497)
2023-11-17 02:04:17,344 Test: [120/200]	Time 0.053 (0.071)	Loss 0.3283 (0.3514)
2023-11-17 02:04:17,962 Test: [130/200]	Time 0.051 (0.070)	Loss 0.3779 (0.3529)
2023-11-17 02:04:18,586 Test: [140/200]	Time 0.052 (0.070)	Loss 0.3491 (0.3518)
2023-11-17 02:04:19,189 Test: [150/200]	Time 0.052 (0.069)	Loss 0.2668 (0.3503)
2023-11-17 02:04:19,797 Test: [160/200]	Time 0.054 (0.068)	Loss 0.3599 (0.3513)
2023-11-17 02:04:20,415 Test: [170/200]	Time 0.052 (0.068)	Loss 0.3435 (0.3504)
2023-11-17 02:04:21,154 Test: [180/200]	Time 0.051 (0.068)	Loss 0.3922 (0.3489)
2023-11-17 02:04:21,762 Test: [190/200]	Time 0.054 (0.068)	Loss 0.2741 (0.3481)
2023-11-17 02:04:24,004 Mean IoU score: 0.569
2023-11-17 02:04:24,006 => saving checkpoint to out
2023-11-17 02:04:25,141 Epoch: [14][0/200]	Time 1.085s (1.085s)	Speed 29.5 samples/s	Data 0.220s (0.220s)	Loss 0.01724 (0.01724)
2023-11-17 02:04:31,648 Epoch: [14][10/200]	Time 0.652s (0.690s)	Speed 49.1 samples/s	Data 0.005s (0.025s)	Loss 0.01302 (0.01880)
2023-11-17 02:04:38,106 Epoch: [14][20/200]	Time 0.617s (0.669s)	Speed 51.9 samples/s	Data 0.005s (0.016s)	Loss 0.01783 (0.01873)
2023-11-17 02:04:44,468 Epoch: [14][30/200]	Time 0.620s (0.658s)	Speed 51.6 samples/s	Data 0.005s (0.012s)	Loss 0.01593 (0.01873)
2023-11-17 02:04:50,974 Epoch: [14][40/200]	Time 0.608s (0.657s)	Speed 52.6 samples/s	Data 0.005s (0.011s)	Loss 0.01895 (0.01855)
2023-11-17 02:04:57,421 Epoch: [14][50/200]	Time 0.627s (0.654s)	Speed 51.0 samples/s	Data 0.005s (0.010s)	Loss 0.02144 (0.01838)
2023-11-17 02:05:03,806 Epoch: [14][60/200]	Time 0.617s (0.652s)	Speed 51.9 samples/s	Data 0.004s (0.009s)	Loss 0.01419 (0.01797)
2023-11-17 02:05:10,371 Epoch: [14][70/200]	Time 0.624s (0.652s)	Speed 51.3 samples/s	Data 0.005s (0.009s)	Loss 0.01687 (0.01773)
2023-11-17 02:05:16,863 Epoch: [14][80/200]	Time 0.629s (0.652s)	Speed 50.9 samples/s	Data 0.006s (0.008s)	Loss 0.01561 (0.01772)
2023-11-17 02:05:23,313 Epoch: [14][90/200]	Time 0.627s (0.651s)	Speed 51.0 samples/s	Data 0.006s (0.008s)	Loss 0.01878 (0.01803)
2023-11-17 02:05:29,753 Epoch: [14][100/200]	Time 0.632s (0.650s)	Speed 50.6 samples/s	Data 0.006s (0.008s)	Loss 0.02013 (0.01781)
2023-11-17 02:05:36,262 Epoch: [14][110/200]	Time 0.629s (0.650s)	Speed 50.9 samples/s	Data 0.005s (0.007s)	Loss 0.01551 (0.01765)
2023-11-17 02:05:42,737 Epoch: [14][120/200]	Time 0.622s (0.650s)	Speed 51.4 samples/s	Data 0.005s (0.007s)	Loss 0.01231 (0.01746)
2023-11-17 02:05:49,167 Epoch: [14][130/200]	Time 0.607s (0.650s)	Speed 52.7 samples/s	Data 0.004s (0.007s)	Loss 0.01470 (0.01722)
2023-11-17 02:05:55,657 Epoch: [14][140/200]	Time 0.609s (0.650s)	Speed 52.6 samples/s	Data 0.005s (0.007s)	Loss 0.01190 (0.01704)
2023-11-17 02:06:02,127 Epoch: [14][150/200]	Time 0.616s (0.649s)	Speed 52.0 samples/s	Data 0.005s (0.007s)	Loss 0.01215 (0.01691)
2023-11-17 02:06:08,650 Epoch: [14][160/200]	Time 0.637s (0.650s)	Speed 50.3 samples/s	Data 0.005s (0.007s)	Loss 0.01162 (0.01681)
2023-11-17 02:06:15,029 Epoch: [14][170/200]	Time 0.627s (0.649s)	Speed 51.1 samples/s	Data 0.005s (0.007s)	Loss 0.01791 (0.01673)
2023-11-17 02:06:21,494 Epoch: [14][180/200]	Time 0.627s (0.649s)	Speed 51.1 samples/s	Data 0.005s (0.007s)	Loss 0.01608 (0.01653)
2023-11-17 02:06:27,930 Epoch: [14][190/200]	Time 0.628s (0.649s)	Speed 50.9 samples/s	Data 0.005s (0.007s)	Loss 0.01445 (0.01651)
2023-11-17 02:06:34,031 Test: [0/200]	Time 0.129 (0.129)	Loss 0.1000 (0.1000)
2023-11-17 02:06:34,745 Test: [10/200]	Time 0.053 (0.077)	Loss 0.0117 (0.0782)
2023-11-17 02:06:35,411 Test: [20/200]	Time 0.051 (0.072)	Loss 0.0543 (0.0852)
2023-11-17 02:06:36,021 Test: [30/200]	Time 0.052 (0.068)	Loss 0.0800 (0.0921)
2023-11-17 02:06:36,719 Test: [40/200]	Time 0.052 (0.069)	Loss 0.0773 (0.0946)
2023-11-17 02:06:37,342 Test: [50/200]	Time 0.052 (0.067)	Loss 0.1721 (0.0927)
2023-11-17 02:06:37,957 Test: [60/200]	Time 0.053 (0.066)	Loss 0.0988 (0.0944)
2023-11-17 02:06:38,555 Test: [70/200]	Time 0.051 (0.066)	Loss 0.0865 (0.0947)
2023-11-17 02:06:39,177 Test: [80/200]	Time 0.052 (0.065)	Loss 0.0786 (0.0924)
2023-11-17 02:06:39,777 Test: [90/200]	Time 0.056 (0.065)	Loss 0.1200 (0.0937)
2023-11-17 02:06:40,400 Test: [100/200]	Time 0.051 (0.064)	Loss 0.1243 (0.0927)
2023-11-17 02:06:41,014 Test: [110/200]	Time 0.052 (0.064)	Loss 0.1725 (0.0927)
2023-11-17 02:06:41,735 Test: [120/200]	Time 0.053 (0.065)	Loss 0.0625 (0.0914)
2023-11-17 02:06:42,337 Test: [130/200]	Time 0.052 (0.064)	Loss 0.1016 (0.0927)
2023-11-17 02:06:42,958 Test: [140/200]	Time 0.051 (0.064)	Loss 0.0735 (0.0919)
2023-11-17 02:06:43,582 Test: [150/200]	Time 0.052 (0.064)	Loss 0.0720 (0.0903)
2023-11-17 02:06:44,227 Test: [160/200]	Time 0.055 (0.064)	Loss 0.1148 (0.0915)
2023-11-17 02:06:44,823 Test: [170/200]	Time 0.055 (0.064)	Loss 0.0584 (0.0902)
2023-11-17 02:06:45,531 Test: [180/200]	Time 0.051 (0.064)	Loss 0.0731 (0.0897)
2023-11-17 02:06:46,121 Test: [190/200]	Time 0.052 (0.064)	Loss 0.0440 (0.0893)
2023-11-17 02:06:48,314 Mean IoU score: 0.791
2023-11-17 02:06:48,316 => saving checkpoint to out
2023-11-17 02:06:49,355 Epoch: [15][0/200]	Time 0.991s (0.991s)	Speed 32.3 samples/s	Data 0.207s (0.207s)	Loss 0.01123 (0.01123)
2023-11-17 02:06:55,838 Epoch: [15][10/200]	Time 0.629s (0.679s)	Speed 50.8 samples/s	Data 0.004s (0.024s)	Loss 0.01887 (0.01424)
2023-11-17 02:07:02,335 Epoch: [15][20/200]	Time 0.617s (0.665s)	Speed 51.8 samples/s	Data 0.005s (0.015s)	Loss 0.01081 (0.01343)
2023-11-17 02:07:08,743 Epoch: [15][30/200]	Time 0.621s (0.657s)	Speed 51.6 samples/s	Data 0.006s (0.012s)	Loss 0.01160 (0.01325)
2023-11-17 02:07:15,115 Epoch: [15][40/200]	Time 0.612s (0.652s)	Speed 52.3 samples/s	Data 0.005s (0.010s)	Loss 0.01285 (0.01278)
2023-11-17 02:07:22,376 Epoch: [15][50/200]	Time 0.701s (0.667s)	Speed 45.7 samples/s	Data 0.005s (0.009s)	Loss 0.01534 (0.01249)
2023-11-17 02:07:29,259 Epoch: [15][60/200]	Time 0.634s (0.670s)	Speed 50.5 samples/s	Data 0.005s (0.009s)	Loss 0.01053 (0.01243)
2023-11-17 02:07:35,917 Epoch: [15][70/200]	Time 0.621s (0.670s)	Speed 51.5 samples/s	Data 0.005s (0.008s)	Loss 0.00866 (0.01222)
2023-11-17 02:07:42,446 Epoch: [15][80/200]	Time 0.625s (0.668s)	Speed 51.2 samples/s	Data 0.005s (0.008s)	Loss 0.01401 (0.01201)
2023-11-17 02:07:48,986 Epoch: [15][90/200]	Time 0.641s (0.666s)	Speed 49.9 samples/s	Data 0.005s (0.008s)	Loss 0.00903 (0.01190)
2023-11-17 02:07:55,506 Epoch: [15][100/200]	Time 0.643s (0.665s)	Speed 49.8 samples/s	Data 0.006s (0.007s)	Loss 0.01214 (0.01183)
2023-11-17 02:08:02,010 Epoch: [15][110/200]	Time 0.639s (0.663s)	Speed 50.1 samples/s	Data 0.005s (0.007s)	Loss 0.00792 (0.01176)
2023-11-17 02:08:08,526 Epoch: [15][120/200]	Time 0.617s (0.662s)	Speed 51.9 samples/s	Data 0.005s (0.007s)	Loss 0.01191 (0.01166)
2023-11-17 02:08:15,030 Epoch: [15][130/200]	Time 0.644s (0.662s)	Speed 49.7 samples/s	Data 0.005s (0.007s)	Loss 0.00905 (0.01151)
2023-11-17 02:08:21,546 Epoch: [15][140/200]	Time 0.633s (0.661s)	Speed 50.6 samples/s	Data 0.005s (0.007s)	Loss 0.01510 (0.01146)
2023-11-17 02:08:28,025 Epoch: [15][150/200]	Time 0.618s (0.660s)	Speed 51.8 samples/s	Data 0.005s (0.007s)	Loss 0.01582 (0.01147)
2023-11-17 02:08:34,574 Epoch: [15][160/200]	Time 0.686s (0.660s)	Speed 46.7 samples/s	Data 0.005s (0.007s)	Loss 0.01117 (0.01140)
2023-11-17 02:08:41,089 Epoch: [15][170/200]	Time 0.633s (0.659s)	Speed 50.5 samples/s	Data 0.005s (0.007s)	Loss 0.00681 (0.01131)
2023-11-17 02:08:47,509 Epoch: [15][180/200]	Time 0.619s (0.658s)	Speed 51.7 samples/s	Data 0.005s (0.006s)	Loss 0.00799 (0.01120)
2023-11-17 02:08:53,994 Epoch: [15][190/200]	Time 0.634s (0.658s)	Speed 50.5 samples/s	Data 0.005s (0.006s)	Loss 0.00753 (0.01109)
2023-11-17 02:09:00,035 Test: [0/200]	Time 0.129 (0.129)	Loss 0.0812 (0.0812)
2023-11-17 02:09:00,684 Test: [10/200]	Time 0.057 (0.071)	Loss 0.0123 (0.0456)
2023-11-17 02:09:01,418 Test: [20/200]	Time 0.051 (0.072)	Loss 0.0234 (0.0487)
2023-11-17 02:09:02,182 Test: [30/200]	Time 0.107 (0.073)	Loss 0.0690 (0.0562)
2023-11-17 02:09:02,817 Test: [40/200]	Time 0.057 (0.071)	Loss 0.0371 (0.0571)
2023-11-17 02:09:03,427 Test: [50/200]	Time 0.055 (0.069)	Loss 0.0889 (0.0560)
2023-11-17 02:09:04,030 Test: [60/200]	Time 0.052 (0.068)	Loss 0.0690 (0.0577)
2023-11-17 02:09:04,626 Test: [70/200]	Time 0.055 (0.066)	Loss 0.0679 (0.0583)
2023-11-17 02:09:05,222 Test: [80/200]	Time 0.053 (0.066)	Loss 0.0549 (0.0570)
2023-11-17 02:09:05,935 Test: [90/200]	Time 0.052 (0.066)	Loss 0.0597 (0.0578)
2023-11-17 02:09:06,558 Test: [100/200]	Time 0.052 (0.066)	Loss 0.0688 (0.0572)
2023-11-17 02:09:07,182 Test: [110/200]	Time 0.056 (0.066)	Loss 0.1720 (0.0581)
2023-11-17 02:09:07,782 Test: [120/200]	Time 0.052 (0.065)	Loss 0.0567 (0.0569)
2023-11-17 02:09:08,390 Test: [130/200]	Time 0.051 (0.065)	Loss 0.0604 (0.0573)
2023-11-17 02:09:08,991 Test: [140/200]	Time 0.053 (0.064)	Loss 0.0600 (0.0563)
2023-11-17 02:09:09,602 Test: [150/200]	Time 0.052 (0.064)	Loss 0.0522 (0.0557)
2023-11-17 02:09:10,201 Test: [160/200]	Time 0.051 (0.064)	Loss 0.0753 (0.0559)
2023-11-17 02:09:10,786 Test: [170/200]	Time 0.051 (0.064)	Loss 0.0397 (0.0552)
2023-11-17 02:09:11,391 Test: [180/200]	Time 0.054 (0.063)	Loss 0.0361 (0.0548)
2023-11-17 02:09:12,107 Test: [190/200]	Time 0.054 (0.064)	Loss 0.0229 (0.0544)
2023-11-17 02:09:14,502 Mean IoU score: 0.866
2023-11-17 02:09:14,504 => saving checkpoint to out
2023-11-17 02:09:15,579 Epoch: [16][0/200]	Time 0.998s (0.998s)	Speed 32.1 samples/s	Data 0.203s (0.203s)	Loss 0.00768 (0.00768)
2023-11-17 02:09:22,217 Epoch: [16][10/200]	Time 0.657s (0.694s)	Speed 48.7 samples/s	Data 0.005s (0.023s)	Loss 0.00867 (0.00864)
2023-11-17 02:09:28,669 Epoch: [16][20/200]	Time 0.619s (0.671s)	Speed 51.7 samples/s	Data 0.005s (0.014s)	Loss 0.00890 (0.00908)
2023-11-17 02:09:35,130 Epoch: [16][30/200]	Time 0.639s (0.663s)	Speed 50.1 samples/s	Data 0.006s (0.012s)	Loss 0.00931 (0.00895)
2023-11-17 02:09:41,557 Epoch: [16][40/200]	Time 0.639s (0.658s)	Speed 50.1 samples/s	Data 0.005s (0.010s)	Loss 0.00877 (0.00890)
2023-11-17 02:09:47,989 Epoch: [16][50/200]	Time 0.623s (0.655s)	Speed 51.4 samples/s	Data 0.004s (0.009s)	Loss 0.01035 (0.00881)
2023-11-17 02:09:54,331 Epoch: [16][60/200]	Time 0.638s (0.652s)	Speed 50.2 samples/s	Data 0.005s (0.009s)	Loss 0.00945 (0.00879)
2023-11-17 02:10:00,747 Epoch: [16][70/200]	Time 0.634s (0.650s)	Speed 50.4 samples/s	Data 0.005s (0.008s)	Loss 0.00848 (0.00878)
2023-11-17 02:10:07,213 Epoch: [16][80/200]	Time 0.628s (0.650s)	Speed 50.9 samples/s	Data 0.005s (0.008s)	Loss 0.00569 (0.00867)
2023-11-17 02:10:13,714 Epoch: [16][90/200]	Time 0.623s (0.650s)	Speed 51.3 samples/s	Data 0.005s (0.008s)	Loss 0.01010 (0.00877)
2023-11-17 02:10:20,164 Epoch: [16][100/200]	Time 0.631s (0.649s)	Speed 50.7 samples/s	Data 0.005s (0.007s)	Loss 0.01060 (0.00879)
2023-11-17 02:10:26,732 Epoch: [16][110/200]	Time 0.636s (0.650s)	Speed 50.3 samples/s	Data 0.005s (0.007s)	Loss 0.00864 (0.00878)
2023-11-17 02:10:33,174 Epoch: [16][120/200]	Time 0.674s (0.650s)	Speed 47.5 samples/s	Data 0.005s (0.007s)	Loss 0.01001 (0.00879)
2023-11-17 02:10:39,733 Epoch: [16][130/200]	Time 0.624s (0.650s)	Speed 51.3 samples/s	Data 0.005s (0.007s)	Loss 0.00869 (0.00873)
2023-11-17 02:10:46,115 Epoch: [16][140/200]	Time 0.636s (0.649s)	Speed 50.3 samples/s	Data 0.004s (0.007s)	Loss 0.00935 (0.00872)
2023-11-17 02:10:52,477 Epoch: [16][150/200]	Time 0.607s (0.648s)	Speed 52.8 samples/s	Data 0.005s (0.007s)	Loss 0.00899 (0.00870)
2023-11-17 02:10:58,823 Epoch: [16][160/200]	Time 0.611s (0.647s)	Speed 52.4 samples/s	Data 0.005s (0.007s)	Loss 0.00720 (0.00868)
2023-11-17 02:11:05,273 Epoch: [16][170/200]	Time 0.638s (0.647s)	Speed 50.2 samples/s	Data 0.005s (0.007s)	Loss 0.01096 (0.00870)
2023-11-17 02:11:11,720 Epoch: [16][180/200]	Time 0.608s (0.647s)	Speed 52.6 samples/s	Data 0.006s (0.007s)	Loss 0.00785 (0.00864)
2023-11-17 02:11:18,197 Epoch: [16][190/200]	Time 0.648s (0.647s)	Speed 49.4 samples/s	Data 0.005s (0.006s)	Loss 0.00810 (0.00863)
2023-11-17 02:11:24,149 Test: [0/200]	Time 0.128 (0.128)	Loss 0.0728 (0.0728)
2023-11-17 02:11:24,755 Test: [10/200]	Time 0.050 (0.067)	Loss 0.0154 (0.0463)
2023-11-17 02:11:25,371 Test: [20/200]	Time 0.051 (0.064)	Loss 0.0205 (0.0470)
2023-11-17 02:11:25,959 Test: [30/200]	Time 0.054 (0.063)	Loss 0.0774 (0.0544)
2023-11-17 02:11:26,622 Test: [40/200]	Time 0.057 (0.063)	Loss 0.0351 (0.0554)
2023-11-17 02:11:27,218 Test: [50/200]	Time 0.052 (0.063)	Loss 0.0910 (0.0549)
2023-11-17 02:11:27,823 Test: [60/200]	Time 0.054 (0.062)	Loss 0.0759 (0.0571)
2023-11-17 02:11:28,404 Test: [70/200]	Time 0.051 (0.062)	Loss 0.0584 (0.0575)
2023-11-17 02:11:28,989 Test: [80/200]	Time 0.051 (0.061)	Loss 0.0614 (0.0564)
2023-11-17 02:11:29,646 Test: [90/200]	Time 0.052 (0.062)	Loss 0.0763 (0.0572)
2023-11-17 02:11:30,267 Test: [100/200]	Time 0.069 (0.062)	Loss 0.0818 (0.0567)
2023-11-17 02:11:30,839 Test: [110/200]	Time 0.052 (0.061)	Loss 0.1585 (0.0576)
2023-11-17 02:11:31,427 Test: [120/200]	Time 0.051 (0.061)	Loss 0.0633 (0.0562)
2023-11-17 02:11:32,011 Test: [130/200]	Time 0.053 (0.061)	Loss 0.0525 (0.0567)
2023-11-17 02:11:32,621 Test: [140/200]	Time 0.057 (0.061)	Loss 0.0650 (0.0560)
2023-11-17 02:11:33,196 Test: [150/200]	Time 0.052 (0.061)	Loss 0.0595 (0.0552)
2023-11-17 02:11:33,857 Test: [160/200]	Time 0.051 (0.061)	Loss 0.0879 (0.0555)
2023-11-17 02:11:34,448 Test: [170/200]	Time 0.056 (0.061)	Loss 0.0443 (0.0546)
2023-11-17 02:11:35,029 Test: [180/200]	Time 0.054 (0.061)	Loss 0.0307 (0.0543)
2023-11-17 02:11:35,643 Test: [190/200]	Time 0.051 (0.061)	Loss 0.0214 (0.0540)
2023-11-17 02:11:37,954 Mean IoU score: 0.868
2023-11-17 02:11:37,956 => saving checkpoint to out
2023-11-17 02:11:39,033 Epoch: [17][0/200]	Time 1.004s (1.004s)	Speed 31.9 samples/s	Data 0.194s (0.194s)	Loss 0.00828 (0.00828)
2023-11-17 02:11:45,501 Epoch: [17][10/200]	Time 0.634s (0.679s)	Speed 50.5 samples/s	Data 0.005s (0.022s)	Loss 0.00760 (0.00723)
2023-11-17 02:11:52,008 Epoch: [17][20/200]	Time 0.624s (0.666s)	Speed 51.3 samples/s	Data 0.005s (0.014s)	Loss 0.00817 (0.00759)
2023-11-17 02:11:58,467 Epoch: [17][30/200]	Time 0.626s (0.659s)	Speed 51.1 samples/s	Data 0.005s (0.011s)	Loss 0.00774 (0.00760)
2023-11-17 02:12:04,890 Epoch: [17][40/200]	Time 0.627s (0.655s)	Speed 51.0 samples/s	Data 0.005s (0.010s)	Loss 0.00826 (0.00777)
2023-11-17 02:12:11,331 Epoch: [17][50/200]	Time 0.618s (0.653s)	Speed 51.7 samples/s	Data 0.005s (0.009s)	Loss 0.00894 (0.00783)
2023-11-17 02:12:17,740 Epoch: [17][60/200]	Time 0.631s (0.651s)	Speed 50.7 samples/s	Data 0.005s (0.008s)	Loss 0.00933 (0.00784)
2023-11-17 02:12:24,125 Epoch: [17][70/200]	Time 0.643s (0.649s)	Speed 49.8 samples/s	Data 0.005s (0.008s)	Loss 0.00725 (0.00786)
2023-11-17 02:12:30,593 Epoch: [17][80/200]	Time 0.646s (0.649s)	Speed 49.5 samples/s	Data 0.005s (0.008s)	Loss 0.00921 (0.00785)
2023-11-17 02:12:37,021 Epoch: [17][90/200]	Time 0.641s (0.648s)	Speed 49.9 samples/s	Data 0.005s (0.007s)	Loss 0.00820 (0.00784)
2023-11-17 02:12:44,530 Epoch: [17][100/200]	Time 0.757s (0.658s)	Speed 42.3 samples/s	Data 0.005s (0.007s)	Loss 0.00688 (0.00777)
2023-11-17 02:12:51,171 Epoch: [17][110/200]	Time 0.618s (0.659s)	Speed 51.8 samples/s	Data 0.006s (0.007s)	Loss 0.00560 (0.00780)
2023-11-17 02:12:57,680 Epoch: [17][120/200]	Time 0.626s (0.658s)	Speed 51.1 samples/s	Data 0.005s (0.007s)	Loss 0.00722 (0.00778)
2023-11-17 02:13:04,115 Epoch: [17][130/200]	Time 0.622s (0.657s)	Speed 51.5 samples/s	Data 0.005s (0.007s)	Loss 0.00889 (0.00780)
2023-11-17 02:13:10,436 Epoch: [17][140/200]	Time 0.623s (0.655s)	Speed 51.4 samples/s	Data 0.005s (0.007s)	Loss 0.00650 (0.00777)
2023-11-17 02:13:16,854 Epoch: [17][150/200]	Time 0.619s (0.654s)	Speed 51.7 samples/s	Data 0.006s (0.007s)	Loss 0.00593 (0.00777)
2023-11-17 02:13:23,437 Epoch: [17][160/200]	Time 0.616s (0.655s)	Speed 51.9 samples/s	Data 0.005s (0.007s)	Loss 0.00858 (0.00779)
2023-11-17 02:13:30,013 Epoch: [17][170/200]	Time 0.628s (0.655s)	Speed 51.0 samples/s	Data 0.005s (0.006s)	Loss 0.00733 (0.00782)
2023-11-17 02:13:36,498 Epoch: [17][180/200]	Time 0.627s (0.655s)	Speed 51.1 samples/s	Data 0.005s (0.006s)	Loss 0.00663 (0.00779)
2023-11-17 02:13:42,813 Epoch: [17][190/200]	Time 0.607s (0.653s)	Speed 52.7 samples/s	Data 0.005s (0.006s)	Loss 0.00766 (0.00778)
2023-11-17 02:13:48,787 Test: [0/200]	Time 0.127 (0.127)	Loss 0.0760 (0.0760)
2023-11-17 02:13:49,400 Test: [10/200]	Time 0.053 (0.067)	Loss 0.0135 (0.0459)
2023-11-17 02:13:50,022 Test: [20/200]	Time 0.051 (0.065)	Loss 0.0209 (0.0495)
2023-11-17 02:13:50,695 Test: [30/200]	Time 0.056 (0.066)	Loss 0.0718 (0.0573)
2023-11-17 02:13:51,304 Test: [40/200]	Time 0.061 (0.064)	Loss 0.0377 (0.0577)
2023-11-17 02:13:51,910 Test: [50/200]	Time 0.056 (0.064)	Loss 0.0926 (0.0566)
2023-11-17 02:13:52,503 Test: [60/200]	Time 0.059 (0.063)	Loss 0.0770 (0.0581)
2023-11-17 02:13:53,084 Test: [70/200]	Time 0.053 (0.062)	Loss 0.0630 (0.0583)
2023-11-17 02:13:53,661 Test: [80/200]	Time 0.052 (0.062)	Loss 0.0606 (0.0573)
2023-11-17 02:13:54,242 Test: [90/200]	Time 0.051 (0.061)	Loss 0.0770 (0.0584)
2023-11-17 02:13:54,858 Test: [100/200]	Time 0.068 (0.061)	Loss 0.0872 (0.0578)
2023-11-17 02:13:55,434 Test: [110/200]	Time 0.051 (0.061)	Loss 0.1578 (0.0587)
2023-11-17 02:13:56,002 Test: [120/200]	Time 0.051 (0.061)	Loss 0.0544 (0.0572)
2023-11-17 02:13:56,569 Test: [130/200]	Time 0.052 (0.060)	Loss 0.0517 (0.0575)
2023-11-17 02:13:57,164 Test: [140/200]	Time 0.058 (0.060)	Loss 0.0600 (0.0567)
2023-11-17 02:13:57,761 Test: [150/200]	Time 0.053 (0.060)	Loss 0.0524 (0.0558)
2023-11-17 02:13:58,340 Test: [160/200]	Time 0.052 (0.060)	Loss 0.0804 (0.0559)
2023-11-17 02:13:58,937 Test: [170/200]	Time 0.052 (0.060)	Loss 0.0396 (0.0549)
2023-11-17 02:13:59,510 Test: [180/200]	Time 0.051 (0.060)	Loss 0.0324 (0.0545)
2023-11-17 02:14:00,130 Test: [190/200]	Time 0.061 (0.060)	Loss 0.0209 (0.0542)
2023-11-17 02:14:02,520 Mean IoU score: 0.870
2023-11-17 02:14:02,522 => saving checkpoint to out
2023-11-17 02:14:03,579 Epoch: [18][0/200]	Time 0.982s (0.982s)	Speed 32.6 samples/s	Data 0.185s (0.185s)	Loss 0.00794 (0.00794)
2023-11-17 02:14:09,986 Epoch: [18][10/200]	Time 0.613s (0.672s)	Speed 52.2 samples/s	Data 0.005s (0.022s)	Loss 0.00631 (0.00747)
2023-11-17 02:14:16,384 Epoch: [18][20/200]	Time 0.617s (0.657s)	Speed 51.9 samples/s	Data 0.005s (0.014s)	Loss 0.00950 (0.00759)
2023-11-17 02:14:22,936 Epoch: [18][30/200]	Time 0.614s (0.656s)	Speed 52.1 samples/s	Data 0.005s (0.011s)	Loss 0.00648 (0.00732)
2023-11-17 02:14:29,310 Epoch: [18][40/200]	Time 0.617s (0.652s)	Speed 51.9 samples/s	Data 0.005s (0.010s)	Loss 0.00873 (0.00727)
2023-11-17 02:14:35,693 Epoch: [18][50/200]	Time 0.660s (0.649s)	Speed 48.5 samples/s	Data 0.005s (0.009s)	Loss 0.00629 (0.00717)
2023-11-17 02:14:42,275 Epoch: [18][60/200]	Time 0.615s (0.650s)	Speed 52.1 samples/s	Data 0.005s (0.008s)	Loss 0.00490 (0.00713)
2023-11-17 02:14:48,698 Epoch: [18][70/200]	Time 0.635s (0.649s)	Speed 50.4 samples/s	Data 0.005s (0.008s)	Loss 0.00755 (0.00709)
2023-11-17 02:14:55,118 Epoch: [18][80/200]	Time 0.635s (0.648s)	Speed 50.4 samples/s	Data 0.005s (0.008s)	Loss 0.00707 (0.00702)
2023-11-17 02:15:01,536 Epoch: [18][90/200]	Time 0.626s (0.648s)	Speed 51.1 samples/s	Data 0.005s (0.007s)	Loss 0.00623 (0.00710)
2023-11-17 02:15:08,103 Epoch: [18][100/200]	Time 0.707s (0.649s)	Speed 45.3 samples/s	Data 0.005s (0.007s)	Loss 0.00821 (0.00708)
2023-11-17 02:15:14,615 Epoch: [18][110/200]	Time 0.645s (0.649s)	Speed 49.6 samples/s	Data 0.006s (0.007s)	Loss 0.00783 (0.00710)
2023-11-17 02:15:21,038 Epoch: [18][120/200]	Time 0.634s (0.648s)	Speed 50.5 samples/s	Data 0.005s (0.007s)	Loss 0.00729 (0.00709)
2023-11-17 02:15:27,491 Epoch: [18][130/200]	Time 0.639s (0.648s)	Speed 50.1 samples/s	Data 0.006s (0.007s)	Loss 0.00871 (0.00709)
2023-11-17 02:15:33,967 Epoch: [18][140/200]	Time 0.620s (0.648s)	Speed 51.6 samples/s	Data 0.005s (0.007s)	Loss 0.00607 (0.00710)
2023-11-17 02:15:40,373 Epoch: [18][150/200]	Time 0.617s (0.648s)	Speed 51.9 samples/s	Data 0.006s (0.007s)	Loss 0.00729 (0.00709)
2023-11-17 02:15:46,740 Epoch: [18][160/200]	Time 0.614s (0.647s)	Speed 52.1 samples/s	Data 0.005s (0.007s)	Loss 0.00536 (0.00712)
2023-11-17 02:15:53,271 Epoch: [18][170/200]	Time 0.623s (0.647s)	Speed 51.3 samples/s	Data 0.006s (0.006s)	Loss 0.00827 (0.00709)
2023-11-17 02:15:59,655 Epoch: [18][180/200]	Time 0.628s (0.647s)	Speed 50.9 samples/s	Data 0.005s (0.006s)	Loss 0.00831 (0.00709)
2023-11-17 02:16:06,076 Epoch: [18][190/200]	Time 0.628s (0.646s)	Speed 50.9 samples/s	Data 0.005s (0.006s)	Loss 0.00695 (0.00708)
2023-11-17 02:16:12,052 Test: [0/200]	Time 0.130 (0.130)	Loss 0.0694 (0.0694)
2023-11-17 02:16:12,683 Test: [10/200]	Time 0.050 (0.069)	Loss 0.0131 (0.0457)
2023-11-17 02:16:13,379 Test: [20/200]	Time 0.051 (0.069)	Loss 0.0200 (0.0501)
2023-11-17 02:16:14,024 Test: [30/200]	Time 0.052 (0.068)	Loss 0.0685 (0.0576)
2023-11-17 02:16:14,629 Test: [40/200]	Time 0.060 (0.066)	Loss 0.0380 (0.0581)
2023-11-17 02:16:15,224 Test: [50/200]	Time 0.053 (0.065)	Loss 0.1024 (0.0570)
2023-11-17 02:16:15,813 Test: [60/200]	Time 0.052 (0.064)	Loss 0.0756 (0.0591)
2023-11-17 02:16:16,422 Test: [70/200]	Time 0.051 (0.063)	Loss 0.0539 (0.0592)
2023-11-17 02:16:17,099 Test: [80/200]	Time 0.054 (0.064)	Loss 0.0593 (0.0579)
2023-11-17 02:16:17,676 Test: [90/200]	Time 0.053 (0.063)	Loss 0.0796 (0.0588)
2023-11-17 02:16:18,289 Test: [100/200]	Time 0.054 (0.063)	Loss 0.0830 (0.0582)
2023-11-17 02:16:18,873 Test: [110/200]	Time 0.056 (0.063)	Loss 0.1517 (0.0588)
2023-11-17 02:16:19,449 Test: [120/200]	Time 0.051 (0.062)	Loss 0.0601 (0.0574)
2023-11-17 02:16:20,037 Test: [130/200]	Time 0.053 (0.062)	Loss 0.0516 (0.0577)
2023-11-17 02:16:20,629 Test: [140/200]	Time 0.054 (0.062)	Loss 0.0630 (0.0569)
2023-11-17 02:16:21,270 Test: [150/200]	Time 0.052 (0.062)	Loss 0.0545 (0.0561)
2023-11-17 02:16:21,866 Test: [160/200]	Time 0.056 (0.062)	Loss 0.0751 (0.0563)
2023-11-17 02:16:22,446 Test: [170/200]	Time 0.050 (0.062)	Loss 0.0545 (0.0554)
2023-11-17 02:16:23,021 Test: [180/200]	Time 0.055 (0.061)	Loss 0.0390 (0.0550)
2023-11-17 02:16:23,608 Test: [190/200]	Time 0.057 (0.061)	Loss 0.0211 (0.0546)
2023-11-17 02:16:25,889 Mean IoU score: 0.871
2023-11-17 02:16:25,891 => saving checkpoint to out
2023-11-17 02:16:26,917 Epoch: [19][0/200]	Time 0.960s (0.960s)	Speed 33.3 samples/s	Data 0.206s (0.206s)	Loss 0.00720 (0.00720)
2023-11-17 02:16:33,377 Epoch: [19][10/200]	Time 0.646s (0.675s)	Speed 49.6 samples/s	Data 0.005s (0.023s)	Loss 0.00727 (0.00645)
2023-11-17 02:16:39,792 Epoch: [19][20/200]	Time 0.631s (0.659s)	Speed 50.7 samples/s	Data 0.006s (0.015s)	Loss 0.00623 (0.00630)
2023-11-17 02:16:46,185 Epoch: [19][30/200]	Time 0.617s (0.653s)	Speed 51.9 samples/s	Data 0.005s (0.012s)	Loss 0.00732 (0.00635)
2023-11-17 02:16:52,589 Epoch: [19][40/200]	Time 0.612s (0.650s)	Speed 52.3 samples/s	Data 0.005s (0.010s)	Loss 0.00575 (0.00636)
2023-11-17 02:16:59,203 Epoch: [19][50/200]	Time 0.613s (0.652s)	Speed 52.2 samples/s	Data 0.005s (0.009s)	Loss 0.00679 (0.00640)
2023-11-17 02:17:05,486 Epoch: [19][60/200]	Time 0.613s (0.648s)	Speed 52.2 samples/s	Data 0.006s (0.009s)	Loss 0.00683 (0.00638)
2023-11-17 02:17:11,873 Epoch: [19][70/200]	Time 0.636s (0.647s)	Speed 50.3 samples/s	Data 0.007s (0.008s)	Loss 0.00598 (0.00637)
2023-11-17 02:17:18,247 Epoch: [19][80/200]	Time 0.626s (0.646s)	Speed 51.1 samples/s	Data 0.005s (0.008s)	Loss 0.00685 (0.00641)
2023-11-17 02:17:24,606 Epoch: [19][90/200]	Time 0.612s (0.644s)	Speed 52.3 samples/s	Data 0.005s (0.008s)	Loss 0.00672 (0.00645)
2023-11-17 02:17:30,988 Epoch: [19][100/200]	Time 0.622s (0.644s)	Speed 51.4 samples/s	Data 0.005s (0.007s)	Loss 0.00823 (0.00647)
2023-11-17 02:17:37,387 Epoch: [19][110/200]	Time 0.646s (0.644s)	Speed 49.6 samples/s	Data 0.006s (0.007s)	Loss 0.00644 (0.00646)
2023-11-17 02:17:43,906 Epoch: [19][120/200]	Time 0.623s (0.644s)	Speed 51.3 samples/s	Data 0.005s (0.007s)	Loss 0.00627 (0.00646)
2023-11-17 02:17:50,378 Epoch: [19][130/200]	Time 0.647s (0.644s)	Speed 49.5 samples/s	Data 0.005s (0.007s)	Loss 0.00672 (0.00649)
2023-11-17 02:17:56,834 Epoch: [19][140/200]	Time 0.630s (0.645s)	Speed 50.8 samples/s	Data 0.006s (0.007s)	Loss 0.00507 (0.00656)
2023-11-17 02:18:04,111 Epoch: [19][150/200]	Time 0.691s (0.650s)	Speed 46.3 samples/s	Data 0.005s (0.007s)	Loss 0.00673 (0.00658)
2023-11-17 02:18:10,755 Epoch: [19][160/200]	Time 0.626s (0.651s)	Speed 51.1 samples/s	Data 0.006s (0.007s)	Loss 0.00844 (0.00661)
2023-11-17 02:18:17,238 Epoch: [19][170/200]	Time 0.634s (0.651s)	Speed 50.4 samples/s	Data 0.005s (0.007s)	Loss 0.00594 (0.00661)
2023-11-17 02:18:23,757 Epoch: [19][180/200]	Time 0.644s (0.651s)	Speed 49.7 samples/s	Data 0.005s (0.007s)	Loss 0.00708 (0.00661)
2023-11-17 02:18:30,159 Epoch: [19][190/200]	Time 0.613s (0.650s)	Speed 52.2 samples/s	Data 0.005s (0.006s)	Loss 0.00741 (0.00664)
2023-11-17 02:18:36,130 Test: [0/200]	Time 0.136 (0.136)	Loss 0.0968 (0.0968)
2023-11-17 02:18:36,855 Test: [10/200]	Time 0.059 (0.078)	Loss 0.0126 (0.0482)
2023-11-17 02:18:37,497 Test: [20/200]	Time 0.053 (0.072)	Loss 0.0213 (0.0538)
2023-11-17 02:18:38,210 Test: [30/200]	Time 0.072 (0.071)	Loss 0.0730 (0.0620)
2023-11-17 02:18:38,834 Test: [40/200]	Time 0.051 (0.069)	Loss 0.0461 (0.0615)
2023-11-17 02:18:39,404 Test: [50/200]	Time 0.051 (0.067)	Loss 0.1087 (0.0606)
2023-11-17 02:18:40,033 Test: [60/200]	Time 0.051 (0.066)	Loss 0.0658 (0.0613)
2023-11-17 02:18:40,629 Test: [70/200]	Time 0.058 (0.065)	Loss 0.0632 (0.0613)
2023-11-17 02:18:41,246 Test: [80/200]	Time 0.052 (0.065)	Loss 0.0604 (0.0600)
2023-11-17 02:18:41,930 Test: [90/200]	Time 0.049 (0.065)	Loss 0.0793 (0.0612)
2023-11-17 02:18:42,548 Test: [100/200]	Time 0.051 (0.065)	Loss 0.0916 (0.0604)
2023-11-17 02:18:43,132 Test: [110/200]	Time 0.052 (0.064)	Loss 0.1571 (0.0609)
2023-11-17 02:18:43,778 Test: [120/200]	Time 0.067 (0.064)	Loss 0.0570 (0.0596)
2023-11-17 02:18:44,387 Test: [130/200]	Time 0.052 (0.064)	Loss 0.0522 (0.0599)
2023-11-17 02:18:45,059 Test: [140/200]	Time 0.053 (0.064)	Loss 0.0656 (0.0590)
2023-11-17 02:18:45,643 Test: [150/200]	Time 0.050 (0.064)	Loss 0.0546 (0.0582)
2023-11-17 02:18:46,226 Test: [160/200]	Time 0.059 (0.064)	Loss 0.0807 (0.0585)
2023-11-17 02:18:46,812 Test: [170/200]	Time 0.053 (0.063)	Loss 0.0454 (0.0574)
2023-11-17 02:18:47,421 Test: [180/200]	Time 0.054 (0.063)	Loss 0.0365 (0.0570)
2023-11-17 02:18:48,027 Test: [190/200]	Time 0.052 (0.063)	Loss 0.0196 (0.0567)
2023-11-17 02:18:50,370 Mean IoU score: 0.868
2023-11-17 02:18:50,372 => saving checkpoint to out
2023-11-17 02:18:50,435 saving final model state to out/final_state.pth.tar
