2023-11-17 00:42:31,817 Namespace(out_dir='out', frequent=10, eval_interval=1, gpu=False, num_workers=4)
2023-11-17 00:42:32,373 => load 200 samples
2023-11-17 00:42:32,375 => load 200 samples
2023-11-17 00:42:33,452 Epoch: [0][0/200]	Time 1.076s (1.076s)	Speed 29.7 samples/s	Data 0.148s (0.148s)	Loss 2.53597 (2.53597)
2023-11-17 00:42:40,130 Epoch: [0][10/200]	Time 0.625s (0.705s)	Speed 51.2 samples/s	Data 0.005s (0.018s)	Loss 2.05254 (2.26275)
2023-11-17 00:42:46,422 Epoch: [0][20/200]	Time 0.623s (0.669s)	Speed 51.4 samples/s	Data 0.005s (0.012s)	Loss 1.76610 (2.08510)
2023-11-17 00:42:52,797 Epoch: [0][30/200]	Time 0.625s (0.659s)	Speed 51.2 samples/s	Data 0.005s (0.010s)	Loss 1.51251 (1.93454)
2023-11-17 00:42:59,238 Epoch: [0][40/200]	Time 0.659s (0.655s)	Speed 48.6 samples/s	Data 0.005s (0.009s)	Loss 1.28786 (1.80118)
2023-11-17 00:43:05,669 Epoch: [0][50/200]	Time 0.611s (0.653s)	Speed 52.4 samples/s	Data 0.005s (0.008s)	Loss 1.09626 (1.68012)
2023-11-17 00:43:12,018 Epoch: [0][60/200]	Time 0.597s (0.650s)	Speed 53.6 samples/s	Data 0.004s (0.008s)	Loss 0.92774 (1.56846)
2023-11-17 00:43:18,377 Epoch: [0][70/200]	Time 0.623s (0.648s)	Speed 51.3 samples/s	Data 0.005s (0.007s)	Loss 0.77009 (1.46662)
2023-11-17 00:43:24,700 Epoch: [0][80/200]	Time 0.613s (0.646s)	Speed 52.2 samples/s	Data 0.005s (0.007s)	Loss 0.65853 (1.37314)
2023-11-17 00:43:31,229 Epoch: [0][90/200]	Time 0.727s (0.647s)	Speed 44.0 samples/s	Data 0.006s (0.007s)	Loss 0.57846 (1.28891)
2023-11-17 00:43:37,659 Epoch: [0][100/200]	Time 0.623s (0.646s)	Speed 51.4 samples/s	Data 0.005s (0.007s)	Loss 0.48554 (1.21304)
2023-11-17 00:43:44,075 Epoch: [0][110/200]	Time 0.627s (0.646s)	Speed 51.0 samples/s	Data 0.005s (0.006s)	Loss 0.41581 (1.14446)
2023-11-17 00:43:50,508 Epoch: [0][120/200]	Time 0.626s (0.646s)	Speed 51.1 samples/s	Data 0.005s (0.006s)	Loss 0.36424 (1.08262)
2023-11-17 00:43:56,920 Epoch: [0][130/200]	Time 0.634s (0.645s)	Speed 50.5 samples/s	Data 0.005s (0.006s)	Loss 0.34613 (1.02655)
2023-11-17 00:44:03,354 Epoch: [0][140/200]	Time 0.626s (0.645s)	Speed 51.2 samples/s	Data 0.005s (0.006s)	Loss 0.30771 (0.97665)
2023-11-17 00:44:09,928 Epoch: [0][150/200]	Time 0.640s (0.646s)	Speed 50.0 samples/s	Data 0.005s (0.006s)	Loss 0.28594 (0.93104)
2023-11-17 00:44:16,337 Epoch: [0][160/200]	Time 0.624s (0.646s)	Speed 51.3 samples/s	Data 0.004s (0.006s)	Loss 0.26776 (0.88997)
2023-11-17 00:44:22,766 Epoch: [0][170/200]	Time 0.653s (0.646s)	Speed 49.0 samples/s	Data 0.005s (0.006s)	Loss 0.25832 (0.85269)
2023-11-17 00:44:29,313 Epoch: [0][180/200]	Time 0.633s (0.646s)	Speed 50.6 samples/s	Data 0.005s (0.006s)	Loss 0.23032 (0.81879)
2023-11-17 00:44:35,840 Epoch: [0][190/200]	Time 0.671s (0.646s)	Speed 47.7 samples/s	Data 0.006s (0.006s)	Loss 0.20564 (0.78724)
2023-11-17 00:44:41,787 Test: [0/200]	Time 0.149 (0.149)	Loss 0.4413 (0.4413)
2023-11-17 00:44:42,552 Test: [10/200]	Time 0.053 (0.083)	Loss 0.1469 (0.3586)
2023-11-17 00:44:43,204 Test: [20/200]	Time 0.051 (0.075)	Loss 0.2684 (0.3696)
2023-11-17 00:44:43,833 Test: [30/200]	Time 0.056 (0.071)	Loss 0.5351 (0.3765)
2023-11-17 00:44:44,458 Test: [40/200]	Time 0.050 (0.069)	Loss 0.3922 (0.3908)
2023-11-17 00:44:45,175 Test: [50/200]	Time 0.055 (0.069)	Loss 0.4719 (0.3945)
2023-11-17 00:44:45,785 Test: [60/200]	Time 0.052 (0.068)	Loss 0.4499 (0.3947)
2023-11-17 00:44:46,388 Test: [70/200]	Time 0.055 (0.067)	Loss 0.3749 (0.3934)
2023-11-17 00:44:46,978 Test: [80/200]	Time 0.053 (0.066)	Loss 0.4775 (0.3886)
2023-11-17 00:44:47,584 Test: [90/200]	Time 0.053 (0.065)	Loss 0.4787 (0.3920)
2023-11-17 00:44:48,210 Test: [100/200]	Time 0.053 (0.065)	Loss 0.4797 (0.3907)
2023-11-17 00:44:48,854 Test: [110/200]	Time 0.051 (0.065)	Loss 0.4682 (0.3925)
2023-11-17 00:44:49,484 Test: [120/200]	Time 0.066 (0.065)	Loss 0.4478 (0.3903)
2023-11-17 00:44:50,186 Test: [130/200]	Time 0.051 (0.065)	Loss 0.3707 (0.3945)
2023-11-17 00:44:50,773 Test: [140/200]	Time 0.051 (0.065)	Loss 0.3580 (0.3935)
2023-11-17 00:44:51,359 Test: [150/200]	Time 0.052 (0.064)	Loss 0.4288 (0.3923)
2023-11-17 00:44:51,949 Test: [160/200]	Time 0.050 (0.064)	Loss 0.4083 (0.3920)
2023-11-17 00:44:52,553 Test: [170/200]	Time 0.056 (0.064)	Loss 0.2878 (0.3896)
2023-11-17 00:44:53,207 Test: [180/200]	Time 0.055 (0.064)	Loss 0.3262 (0.3875)
2023-11-17 00:44:53,800 Test: [190/200]	Time 0.051 (0.064)	Loss 0.3307 (0.3888)
2023-11-17 00:44:56,329 Mean IoU score: 0.189
2023-11-17 00:44:56,331 => saving checkpoint to out
2023-11-17 00:44:57,420 Epoch: [1][0/200]	Time 1.037s (1.037s)	Speed 30.9 samples/s	Data 0.200s (0.200s)	Loss 0.19896 (0.19896)
2023-11-17 00:45:04,149 Epoch: [1][10/200]	Time 0.638s (0.706s)	Speed 50.2 samples/s	Data 0.005s (0.023s)	Loss 0.19887 (0.20677)
2023-11-17 00:45:10,712 Epoch: [1][20/200]	Time 0.649s (0.682s)	Speed 49.3 samples/s	Data 0.005s (0.014s)	Loss 0.24810 (0.20280)
2023-11-17 00:45:17,193 Epoch: [1][30/200]	Time 0.652s (0.671s)	Speed 49.1 samples/s	Data 0.005s (0.011s)	Loss 0.16456 (0.19939)
2023-11-17 00:45:23,758 Epoch: [1][40/200]	Time 0.633s (0.668s)	Speed 50.6 samples/s	Data 0.004s (0.010s)	Loss 0.17720 (0.19431)
2023-11-17 00:45:30,189 Epoch: [1][50/200]	Time 0.629s (0.663s)	Speed 50.8 samples/s	Data 0.005s (0.009s)	Loss 0.15207 (0.19031)
2023-11-17 00:45:36,691 Epoch: [1][60/200]	Time 0.612s (0.661s)	Speed 52.3 samples/s	Data 0.005s (0.008s)	Loss 0.16246 (0.18645)
2023-11-17 00:45:43,194 Epoch: [1][70/200]	Time 0.653s (0.659s)	Speed 49.0 samples/s	Data 0.005s (0.008s)	Loss 0.15731 (0.18240)
2023-11-17 00:45:49,688 Epoch: [1][80/200]	Time 0.622s (0.658s)	Speed 51.5 samples/s	Data 0.006s (0.008s)	Loss 0.11977 (0.17775)
2023-11-17 00:45:56,170 Epoch: [1][90/200]	Time 0.626s (0.657s)	Speed 51.1 samples/s	Data 0.006s (0.007s)	Loss 0.13820 (0.17315)
2023-11-17 00:46:02,616 Epoch: [1][100/200]	Time 0.632s (0.656s)	Speed 50.7 samples/s	Data 0.005s (0.007s)	Loss 0.12903 (0.17004)
2023-11-17 00:46:10,070 Epoch: [1][110/200]	Time 0.675s (0.664s)	Speed 47.4 samples/s	Data 0.005s (0.007s)	Loss 0.11943 (0.16660)
2023-11-17 00:46:16,752 Epoch: [1][120/200]	Time 0.633s (0.664s)	Speed 50.5 samples/s	Data 0.005s (0.007s)	Loss 0.10460 (0.16244)
2023-11-17 00:46:23,295 Epoch: [1][130/200]	Time 0.618s (0.663s)	Speed 51.8 samples/s	Data 0.005s (0.007s)	Loss 0.10405 (0.15856)
2023-11-17 00:46:29,799 Epoch: [1][140/200]	Time 0.634s (0.663s)	Speed 50.5 samples/s	Data 0.006s (0.007s)	Loss 0.12234 (0.15510)
2023-11-17 00:46:36,305 Epoch: [1][150/200]	Time 0.665s (0.662s)	Speed 48.1 samples/s	Data 0.004s (0.007s)	Loss 0.09128 (0.15166)
2023-11-17 00:46:42,875 Epoch: [1][160/200]	Time 0.708s (0.661s)	Speed 45.2 samples/s	Data 0.005s (0.007s)	Loss 0.10737 (0.14859)
2023-11-17 00:46:49,411 Epoch: [1][170/200]	Time 0.627s (0.661s)	Speed 51.0 samples/s	Data 0.005s (0.006s)	Loss 0.09174 (0.14559)
2023-11-17 00:46:55,847 Epoch: [1][180/200]	Time 0.626s (0.660s)	Speed 51.1 samples/s	Data 0.005s (0.006s)	Loss 0.09896 (0.14277)
2023-11-17 00:47:02,343 Epoch: [1][190/200]	Time 0.620s (0.659s)	Speed 51.6 samples/s	Data 0.005s (0.006s)	Loss 0.09571 (0.14018)
2023-11-17 00:47:08,470 Test: [0/200]	Time 0.135 (0.135)	Loss 0.2633 (0.2633)
2023-11-17 00:47:09,125 Test: [10/200]	Time 0.058 (0.072)	Loss 0.0729 (0.1953)
2023-11-17 00:47:09,776 Test: [20/200]	Time 0.059 (0.069)	Loss 0.1598 (0.2022)
2023-11-17 00:47:10,415 Test: [30/200]	Time 0.059 (0.067)	Loss 0.2659 (0.2097)
2023-11-17 00:47:11,136 Test: [40/200]	Time 0.055 (0.068)	Loss 0.2188 (0.2194)
2023-11-17 00:47:11,767 Test: [50/200]	Time 0.055 (0.067)	Loss 0.2833 (0.2202)
2023-11-17 00:47:12,371 Test: [60/200]	Time 0.052 (0.066)	Loss 0.2439 (0.2214)
2023-11-17 00:47:12,993 Test: [70/200]	Time 0.052 (0.066)	Loss 0.1917 (0.2213)
2023-11-17 00:47:13,603 Test: [80/200]	Time 0.055 (0.065)	Loss 0.2863 (0.2180)
2023-11-17 00:47:14,222 Test: [90/200]	Time 0.055 (0.065)	Loss 0.2888 (0.2206)
2023-11-17 00:47:14,864 Test: [100/200]	Time 0.052 (0.065)	Loss 0.3043 (0.2192)
2023-11-17 00:47:15,482 Test: [110/200]	Time 0.051 (0.064)	Loss 0.2875 (0.2199)
2023-11-17 00:47:16,225 Test: [120/200]	Time 0.056 (0.065)	Loss 0.2422 (0.2182)
2023-11-17 00:47:16,826 Test: [130/200]	Time 0.052 (0.065)	Loss 0.1937 (0.2204)
2023-11-17 00:47:17,457 Test: [140/200]	Time 0.054 (0.065)	Loss 0.2012 (0.2202)
2023-11-17 00:47:18,048 Test: [150/200]	Time 0.052 (0.064)	Loss 0.2177 (0.2185)
2023-11-17 00:47:18,645 Test: [160/200]	Time 0.052 (0.064)	Loss 0.2423 (0.2183)
2023-11-17 00:47:19,283 Test: [170/200]	Time 0.052 (0.064)	Loss 0.1720 (0.2164)
2023-11-17 00:47:19,915 Test: [180/200]	Time 0.054 (0.064)	Loss 0.1711 (0.2153)
2023-11-17 00:47:20,557 Test: [190/200]	Time 0.055 (0.064)	Loss 0.1396 (0.2160)
2023-11-17 00:47:23,004 Mean IoU score: 0.507
2023-11-17 00:47:23,008 => saving checkpoint to out
2023-11-17 00:47:24,263 Epoch: [2][0/200]	Time 1.171s (1.171s)	Speed 27.3 samples/s	Data 0.297s (0.297s)	Loss 0.07471 (0.07471)
2023-11-17 00:47:30,937 Epoch: [2][10/200]	Time 0.652s (0.713s)	Speed 49.0 samples/s	Data 0.005s (0.031s)	Loss 0.08488 (0.08449)
2023-11-17 00:47:37,403 Epoch: [2][20/200]	Time 0.622s (0.681s)	Speed 51.4 samples/s	Data 0.004s (0.019s)	Loss 0.07981 (0.08013)
2023-11-17 00:47:43,861 Epoch: [2][30/200]	Time 0.624s (0.670s)	Speed 51.3 samples/s	Data 0.005s (0.014s)	Loss 0.06777 (0.07669)
2023-11-17 00:47:50,376 Epoch: [2][40/200]	Time 0.632s (0.665s)	Speed 50.6 samples/s	Data 0.005s (0.012s)	Loss 0.06733 (0.07556)
2023-11-17 00:47:56,858 Epoch: [2][50/200]	Time 0.639s (0.662s)	Speed 50.1 samples/s	Data 0.005s (0.011s)	Loss 0.06044 (0.07379)
2023-11-17 00:48:03,373 Epoch: [2][60/200]	Time 0.610s (0.660s)	Speed 52.5 samples/s	Data 0.005s (0.010s)	Loss 0.05854 (0.07231)
2023-11-17 00:48:09,894 Epoch: [2][70/200]	Time 0.637s (0.659s)	Speed 50.3 samples/s	Data 0.006s (0.009s)	Loss 0.07259 (0.07083)
2023-11-17 00:48:16,377 Epoch: [2][80/200]	Time 0.627s (0.658s)	Speed 51.0 samples/s	Data 0.005s (0.009s)	Loss 0.06404 (0.06978)
2023-11-17 00:48:22,988 Epoch: [2][90/200]	Time 0.661s (0.658s)	Speed 48.4 samples/s	Data 0.006s (0.008s)	Loss 0.05010 (0.06838)
2023-11-17 00:48:29,544 Epoch: [2][100/200]	Time 0.626s (0.658s)	Speed 51.1 samples/s	Data 0.006s (0.008s)	Loss 0.05797 (0.06695)
2023-11-17 00:48:36,173 Epoch: [2][110/200]	Time 0.674s (0.658s)	Speed 47.5 samples/s	Data 0.005s (0.008s)	Loss 0.05546 (0.06641)
2023-11-17 00:48:42,725 Epoch: [2][120/200]	Time 0.626s (0.658s)	Speed 51.2 samples/s	Data 0.005s (0.008s)	Loss 0.05957 (0.06525)
2023-11-17 00:48:49,245 Epoch: [2][130/200]	Time 0.616s (0.658s)	Speed 51.9 samples/s	Data 0.005s (0.007s)	Loss 0.05895 (0.06431)
2023-11-17 00:48:55,816 Epoch: [2][140/200]	Time 0.633s (0.658s)	Speed 50.6 samples/s	Data 0.005s (0.007s)	Loss 0.05979 (0.06354)
2023-11-17 00:49:02,271 Epoch: [2][150/200]	Time 0.627s (0.657s)	Speed 51.0 samples/s	Data 0.005s (0.007s)	Loss 0.04639 (0.06289)
2023-11-17 00:49:08,895 Epoch: [2][160/200]	Time 0.647s (0.657s)	Speed 49.5 samples/s	Data 0.005s (0.007s)	Loss 0.03937 (0.06188)
2023-11-17 00:49:15,577 Epoch: [2][170/200]	Time 0.648s (0.658s)	Speed 49.4 samples/s	Data 0.005s (0.007s)	Loss 0.04507 (0.06100)
2023-11-17 00:49:22,121 Epoch: [2][180/200]	Time 0.622s (0.658s)	Speed 51.4 samples/s	Data 0.005s (0.007s)	Loss 0.04424 (0.06000)
2023-11-17 00:49:28,685 Epoch: [2][190/200]	Time 0.671s (0.658s)	Speed 47.7 samples/s	Data 0.005s (0.007s)	Loss 0.05481 (0.05915)
2023-11-17 00:49:34,800 Test: [0/200]	Time 0.131 (0.131)	Loss 0.1255 (0.1255)
2023-11-17 00:49:35,461 Test: [10/200]	Time 0.052 (0.072)	Loss 0.0385 (0.1044)
2023-11-17 00:49:36,212 Test: [20/200]	Time 0.051 (0.073)	Loss 0.0750 (0.1068)
2023-11-17 00:49:36,828 Test: [30/200]	Time 0.057 (0.070)	Loss 0.1541 (0.1131)
2023-11-17 00:49:37,457 Test: [40/200]	Time 0.055 (0.068)	Loss 0.1004 (0.1162)
2023-11-17 00:49:38,103 Test: [50/200]	Time 0.052 (0.067)	Loss 0.1534 (0.1177)
2023-11-17 00:49:38,716 Test: [60/200]	Time 0.052 (0.066)	Loss 0.1545 (0.1203)
2023-11-17 00:49:39,317 Test: [70/200]	Time 0.052 (0.065)	Loss 0.0947 (0.1194)
2023-11-17 00:49:39,921 Test: [80/200]	Time 0.053 (0.065)	Loss 0.1244 (0.1176)
2023-11-17 00:49:40,616 Test: [90/200]	Time 0.052 (0.065)	Loss 0.1707 (0.1196)
2023-11-17 00:49:41,243 Test: [100/200]	Time 0.051 (0.065)	Loss 0.1648 (0.1192)
2023-11-17 00:49:41,836 Test: [110/200]	Time 0.052 (0.065)	Loss 0.1841 (0.1200)
2023-11-17 00:49:42,444 Test: [120/200]	Time 0.051 (0.064)	Loss 0.1510 (0.1184)
2023-11-17 00:49:43,044 Test: [130/200]	Time 0.051 (0.064)	Loss 0.1141 (0.1197)
2023-11-17 00:49:43,640 Test: [140/200]	Time 0.051 (0.064)	Loss 0.0920 (0.1186)
2023-11-17 00:49:44,291 Test: [150/200]	Time 0.051 (0.064)	Loss 0.1131 (0.1176)
2023-11-17 00:49:44,879 Test: [160/200]	Time 0.051 (0.063)	Loss 0.1282 (0.1174)
2023-11-17 00:49:45,466 Test: [170/200]	Time 0.051 (0.063)	Loss 0.1021 (0.1163)
2023-11-17 00:49:46,183 Test: [180/200]	Time 0.050 (0.064)	Loss 0.1054 (0.1154)
2023-11-17 00:49:46,896 Test: [190/200]	Time 0.055 (0.064)	Loss 0.0729 (0.1156)
2023-11-17 00:49:49,281 Mean IoU score: 0.755
2023-11-17 00:49:49,283 => saving checkpoint to out
2023-11-17 00:49:50,391 Epoch: [3][0/200]	Time 1.037s (1.037s)	Speed 30.9 samples/s	Data 0.206s (0.206s)	Loss 0.03869 (0.03869)
2023-11-17 00:49:56,855 Epoch: [3][10/200]	Time 0.638s (0.682s)	Speed 50.2 samples/s	Data 0.006s (0.024s)	Loss 0.04293 (0.04028)
2023-11-17 00:50:03,421 Epoch: [3][20/200]	Time 0.645s (0.670s)	Speed 49.6 samples/s	Data 0.004s (0.015s)	Loss 0.05899 (0.03951)
2023-11-17 00:50:09,912 Epoch: [3][30/200]	Time 0.624s (0.663s)	Speed 51.3 samples/s	Data 0.006s (0.012s)	Loss 0.02576 (0.03893)
2023-11-17 00:50:16,481 Epoch: [3][40/200]	Time 0.625s (0.662s)	Speed 51.2 samples/s	Data 0.004s (0.010s)	Loss 0.03438 (0.03843)
2023-11-17 00:50:22,948 Epoch: [3][50/200]	Time 0.626s (0.659s)	Speed 51.1 samples/s	Data 0.005s (0.009s)	Loss 0.03192 (0.03762)
2023-11-17 00:50:29,471 Epoch: [3][60/200]	Time 0.617s (0.658s)	Speed 51.9 samples/s	Data 0.005s (0.009s)	Loss 0.03313 (0.03688)
2023-11-17 00:50:36,139 Epoch: [3][70/200]	Time 0.710s (0.659s)	Speed 45.0 samples/s	Data 0.006s (0.008s)	Loss 0.03486 (0.03646)
2023-11-17 00:50:42,704 Epoch: [3][80/200]	Time 0.627s (0.659s)	Speed 51.1 samples/s	Data 0.005s (0.008s)	Loss 0.02662 (0.03627)
2023-11-17 00:50:49,229 Epoch: [3][90/200]	Time 0.643s (0.658s)	Speed 49.8 samples/s	Data 0.006s (0.008s)	Loss 0.02974 (0.03600)
2023-11-17 00:50:55,717 Epoch: [3][100/200]	Time 0.632s (0.657s)	Speed 50.6 samples/s	Data 0.004s (0.007s)	Loss 0.03057 (0.03575)
2023-11-17 00:51:02,286 Epoch: [3][110/200]	Time 0.629s (0.657s)	Speed 50.8 samples/s	Data 0.005s (0.007s)	Loss 0.02894 (0.03546)
2023-11-17 00:51:08,815 Epoch: [3][120/200]	Time 0.615s (0.657s)	Speed 52.0 samples/s	Data 0.005s (0.007s)	Loss 0.03823 (0.03535)
2023-11-17 00:51:15,331 Epoch: [3][130/200]	Time 0.652s (0.656s)	Speed 49.1 samples/s	Data 0.005s (0.007s)	Loss 0.03161 (0.03514)
2023-11-17 00:51:21,828 Epoch: [3][140/200]	Time 0.611s (0.656s)	Speed 52.3 samples/s	Data 0.005s (0.007s)	Loss 0.03286 (0.03488)
2023-11-17 00:51:28,921 Epoch: [3][150/200]	Time 0.799s (0.659s)	Speed 40.0 samples/s	Data 0.005s (0.007s)	Loss 0.02432 (0.03479)
2023-11-17 00:51:35,926 Epoch: [3][160/200]	Time 0.621s (0.662s)	Speed 51.6 samples/s	Data 0.005s (0.007s)	Loss 0.03218 (0.03487)
2023-11-17 00:51:42,418 Epoch: [3][170/200]	Time 0.623s (0.661s)	Speed 51.3 samples/s	Data 0.006s (0.007s)	Loss 0.04021 (0.03479)
2023-11-17 00:51:48,929 Epoch: [3][180/200]	Time 0.641s (0.661s)	Speed 50.0 samples/s	Data 0.005s (0.006s)	Loss 0.03265 (0.03459)
2023-11-17 00:51:55,415 Epoch: [3][190/200]	Time 0.612s (0.660s)	Speed 52.3 samples/s	Data 0.006s (0.006s)	Loss 0.02505 (0.03439)
2023-11-17 00:52:01,495 Test: [0/200]	Time 0.136 (0.136)	Loss 0.1232 (0.1232)
2023-11-17 00:52:02,233 Test: [10/200]	Time 0.051 (0.079)	Loss 0.0196 (0.0883)
2023-11-17 00:52:02,884 Test: [20/200]	Time 0.054 (0.073)	Loss 0.0559 (0.0928)
2023-11-17 00:52:03,500 Test: [30/200]	Time 0.051 (0.069)	Loss 0.1299 (0.0978)
2023-11-17 00:52:04,132 Test: [40/200]	Time 0.051 (0.068)	Loss 0.1036 (0.1027)
2023-11-17 00:52:04,760 Test: [50/200]	Time 0.061 (0.067)	Loss 0.1551 (0.1022)
2023-11-17 00:52:05,372 Test: [60/200]	Time 0.052 (0.066)	Loss 0.1087 (0.1036)
2023-11-17 00:52:06,032 Test: [70/200]	Time 0.051 (0.066)	Loss 0.0944 (0.1035)
2023-11-17 00:52:06,746 Test: [80/200]	Time 0.056 (0.066)	Loss 0.1060 (0.1009)
2023-11-17 00:52:07,350 Test: [90/200]	Time 0.053 (0.066)	Loss 0.1148 (0.1025)
2023-11-17 00:52:07,985 Test: [100/200]	Time 0.053 (0.066)	Loss 0.1480 (0.1016)
2023-11-17 00:52:08,595 Test: [110/200]	Time 0.051 (0.065)	Loss 0.1688 (0.1028)
2023-11-17 00:52:09,227 Test: [120/200]	Time 0.051 (0.065)	Loss 0.0952 (0.1015)
2023-11-17 00:52:09,821 Test: [130/200]	Time 0.051 (0.065)	Loss 0.0952 (0.1023)
2023-11-17 00:52:10,462 Test: [140/200]	Time 0.053 (0.065)	Loss 0.0817 (0.1017)
2023-11-17 00:52:11,052 Test: [150/200]	Time 0.052 (0.064)	Loss 0.0886 (0.1006)
2023-11-17 00:52:11,640 Test: [160/200]	Time 0.051 (0.064)	Loss 0.0951 (0.1006)
2023-11-17 00:52:12,338 Test: [170/200]	Time 0.051 (0.064)	Loss 0.0642 (0.0995)
2023-11-17 00:52:12,959 Test: [180/200]	Time 0.050 (0.064)	Loss 0.0844 (0.0987)
2023-11-17 00:52:13,566 Test: [190/200]	Time 0.053 (0.064)	Loss 0.0599 (0.0990)
2023-11-17 00:52:15,945 Mean IoU score: 0.776
2023-11-17 00:52:15,947 => saving checkpoint to out
2023-11-17 00:52:17,137 Epoch: [4][0/200]	Time 1.114s (1.114s)	Speed 28.7 samples/s	Data 0.221s (0.221s)	Loss 0.03292 (0.03292)
2023-11-17 00:52:23,698 Epoch: [4][10/200]	Time 0.645s (0.698s)	Speed 49.6 samples/s	Data 0.006s (0.025s)	Loss 0.02531 (0.02857)
2023-11-17 00:52:30,283 Epoch: [4][20/200]	Time 0.648s (0.679s)	Speed 49.4 samples/s	Data 0.005s (0.015s)	Loss 0.02327 (0.02714)
2023-11-17 00:52:36,813 Epoch: [4][30/200]	Time 0.676s (0.671s)	Speed 47.3 samples/s	Data 0.005s (0.012s)	Loss 0.02446 (0.02725)
2023-11-17 00:52:43,326 Epoch: [4][40/200]	Time 0.677s (0.666s)	Speed 47.3 samples/s	Data 0.005s (0.011s)	Loss 0.02489 (0.02750)
2023-11-17 00:52:49,901 Epoch: [4][50/200]	Time 0.616s (0.664s)	Speed 51.9 samples/s	Data 0.005s (0.010s)	Loss 0.02379 (0.02699)
2023-11-17 00:52:56,405 Epoch: [4][60/200]	Time 0.620s (0.662s)	Speed 51.6 samples/s	Data 0.005s (0.009s)	Loss 0.01853 (0.02638)
2023-11-17 00:53:02,983 Epoch: [4][70/200]	Time 0.625s (0.661s)	Speed 51.2 samples/s	Data 0.005s (0.008s)	Loss 0.02481 (0.02625)
2023-11-17 00:53:09,484 Epoch: [4][80/200]	Time 0.628s (0.660s)	Speed 51.0 samples/s	Data 0.005s (0.008s)	Loss 0.02349 (0.02594)
2023-11-17 00:53:15,934 Epoch: [4][90/200]	Time 0.626s (0.658s)	Speed 51.1 samples/s	Data 0.005s (0.008s)	Loss 0.02624 (0.02564)
2023-11-17 00:53:22,483 Epoch: [4][100/200]	Time 0.627s (0.658s)	Speed 51.0 samples/s	Data 0.005s (0.007s)	Loss 0.02525 (0.02554)
2023-11-17 00:53:29,010 Epoch: [4][110/200]	Time 0.654s (0.658s)	Speed 48.9 samples/s	Data 0.005s (0.007s)	Loss 0.02493 (0.02549)
2023-11-17 00:53:35,502 Epoch: [4][120/200]	Time 0.623s (0.657s)	Speed 51.4 samples/s	Data 0.004s (0.007s)	Loss 0.02887 (0.02539)
2023-11-17 00:53:42,038 Epoch: [4][130/200]	Time 0.617s (0.657s)	Speed 51.9 samples/s	Data 0.005s (0.007s)	Loss 0.02495 (0.02549)
2023-11-17 00:53:48,503 Epoch: [4][140/200]	Time 0.626s (0.656s)	Speed 51.1 samples/s	Data 0.005s (0.007s)	Loss 0.02594 (0.02558)
2023-11-17 00:53:55,004 Epoch: [4][150/200]	Time 0.629s (0.655s)	Speed 50.9 samples/s	Data 0.005s (0.007s)	Loss 0.02103 (0.02553)
2023-11-17 00:54:01,576 Epoch: [4][160/200]	Time 0.627s (0.656s)	Speed 51.1 samples/s	Data 0.005s (0.007s)	Loss 0.02021 (0.02530)
2023-11-17 00:54:08,095 Epoch: [4][170/200]	Time 0.630s (0.655s)	Speed 50.8 samples/s	Data 0.005s (0.006s)	Loss 0.01897 (0.02513)
2023-11-17 00:54:14,656 Epoch: [4][180/200]	Time 0.632s (0.655s)	Speed 50.7 samples/s	Data 0.006s (0.006s)	Loss 0.03549 (0.02510)
2023-11-17 00:54:21,201 Epoch: [4][190/200]	Time 0.632s (0.655s)	Speed 50.6 samples/s	Data 0.005s (0.006s)	Loss 0.02644 (0.02496)
2023-11-17 00:54:27,266 Test: [0/200]	Time 0.132 (0.132)	Loss 0.0720 (0.0720)
2023-11-17 00:54:27,912 Test: [10/200]	Time 0.052 (0.071)	Loss 0.0184 (0.0647)
2023-11-17 00:54:28,663 Test: [20/200]	Time 0.051 (0.073)	Loss 0.0511 (0.0682)
2023-11-17 00:54:29,330 Test: [30/200]	Time 0.057 (0.071)	Loss 0.0982 (0.0729)
2023-11-17 00:54:29,970 Test: [40/200]	Time 0.050 (0.069)	Loss 0.0483 (0.0746)
2023-11-17 00:54:30,764 Test: [50/200]	Time 0.063 (0.071)	Loss 0.1001 (0.0755)
2023-11-17 00:54:31,391 Test: [60/200]	Time 0.059 (0.070)	Loss 0.1017 (0.0777)
2023-11-17 00:54:31,995 Test: [70/200]	Time 0.056 (0.068)	Loss 0.0612 (0.0776)
2023-11-17 00:54:32,604 Test: [80/200]	Time 0.052 (0.068)	Loss 0.0764 (0.0759)
2023-11-17 00:54:33,203 Test: [90/200]	Time 0.051 (0.067)	Loss 0.0986 (0.0778)
2023-11-17 00:54:33,821 Test: [100/200]	Time 0.052 (0.066)	Loss 0.1218 (0.0771)
2023-11-17 00:54:34,430 Test: [110/200]	Time 0.056 (0.066)	Loss 0.1481 (0.0779)
2023-11-17 00:54:35,021 Test: [120/200]	Time 0.052 (0.065)	Loss 0.1024 (0.0767)
2023-11-17 00:54:35,721 Test: [130/200]	Time 0.069 (0.066)	Loss 0.0683 (0.0775)
2023-11-17 00:54:36,335 Test: [140/200]	Time 0.054 (0.065)	Loss 0.0679 (0.0767)
2023-11-17 00:54:36,943 Test: [150/200]	Time 0.058 (0.065)	Loss 0.0666 (0.0759)
2023-11-17 00:54:37,571 Test: [160/200]	Time 0.054 (0.065)	Loss 0.0794 (0.0763)
2023-11-17 00:54:38,160 Test: [170/200]	Time 0.052 (0.064)	Loss 0.0682 (0.0757)
2023-11-17 00:54:38,769 Test: [180/200]	Time 0.051 (0.064)	Loss 0.0649 (0.0750)
2023-11-17 00:54:39,361 Test: [190/200]	Time 0.051 (0.064)	Loss 0.0372 (0.0752)
2023-11-17 00:54:41,675 Mean IoU score: 0.826
2023-11-17 00:54:41,677 => saving checkpoint to out
2023-11-17 00:54:42,800 Epoch: [5][0/200]	Time 1.052s (1.052s)	Speed 30.4 samples/s	Data 0.209s (0.209s)	Loss 0.01582 (0.01582)
2023-11-17 00:54:49,358 Epoch: [5][10/200]	Time 0.615s (0.692s)	Speed 52.1 samples/s	Data 0.006s (0.024s)	Loss 0.01614 (0.01962)
2023-11-17 00:54:55,830 Epoch: [5][20/200]	Time 0.632s (0.671s)	Speed 50.7 samples/s	Data 0.005s (0.015s)	Loss 0.02161 (0.02051)
2023-11-17 00:55:02,461 Epoch: [5][30/200]	Time 0.632s (0.668s)	Speed 50.7 samples/s	Data 0.007s (0.012s)	Loss 0.02577 (0.02040)
2023-11-17 00:55:09,032 Epoch: [5][40/200]	Time 0.636s (0.665s)	Speed 50.3 samples/s	Data 0.005s (0.010s)	Loss 0.01916 (0.02039)
2023-11-17 00:55:15,600 Epoch: [5][50/200]	Time 0.618s (0.664s)	Speed 51.8 samples/s	Data 0.005s (0.009s)	Loss 0.02297 (0.02047)
2023-11-17 00:55:22,025 Epoch: [5][60/200]	Time 0.627s (0.660s)	Speed 51.0 samples/s	Data 0.005s (0.009s)	Loss 0.01449 (0.02007)
2023-11-17 00:55:28,672 Epoch: [5][70/200]	Time 0.660s (0.661s)	Speed 48.5 samples/s	Data 0.006s (0.008s)	Loss 0.01779 (0.01986)
2023-11-17 00:55:35,175 Epoch: [5][80/200]	Time 0.648s (0.660s)	Speed 49.4 samples/s	Data 0.005s (0.008s)	Loss 0.01838 (0.01970)
2023-11-17 00:55:41,830 Epoch: [5][90/200]	Time 0.625s (0.660s)	Speed 51.2 samples/s	Data 0.006s (0.008s)	Loss 0.01405 (0.01958)
2023-11-17 00:55:48,367 Epoch: [5][100/200]	Time 0.629s (0.660s)	Speed 50.9 samples/s	Data 0.005s (0.008s)	Loss 0.02020 (0.01945)
2023-11-17 00:55:55,008 Epoch: [5][110/200]	Time 0.643s (0.660s)	Speed 49.8 samples/s	Data 0.007s (0.007s)	Loss 0.02060 (0.01944)
2023-11-17 00:56:01,477 Epoch: [5][120/200]	Time 0.623s (0.659s)	Speed 51.3 samples/s	Data 0.004s (0.007s)	Loss 0.02257 (0.01931)
2023-11-17 00:56:07,988 Epoch: [5][130/200]	Time 0.642s (0.658s)	Speed 49.9 samples/s	Data 0.005s (0.007s)	Loss 0.02333 (0.01939)
2023-11-17 00:56:14,556 Epoch: [5][140/200]	Time 0.639s (0.658s)	Speed 50.1 samples/s	Data 0.004s (0.007s)	Loss 0.02081 (0.01935)
2023-11-17 00:56:21,036 Epoch: [5][150/200]	Time 0.633s (0.658s)	Speed 50.6 samples/s	Data 0.005s (0.007s)	Loss 0.02223 (0.01928)
2023-11-17 00:56:27,580 Epoch: [5][160/200]	Time 0.639s (0.657s)	Speed 50.0 samples/s	Data 0.005s (0.007s)	Loss 0.01933 (0.01912)
2023-11-17 00:56:34,304 Epoch: [5][170/200]	Time 0.704s (0.658s)	Speed 45.5 samples/s	Data 0.005s (0.007s)	Loss 0.01753 (0.01902)
2023-11-17 00:56:40,880 Epoch: [5][180/200]	Time 0.628s (0.658s)	Speed 51.0 samples/s	Data 0.005s (0.007s)	Loss 0.01706 (0.01907)
2023-11-17 00:56:47,379 Epoch: [5][190/200]	Time 0.632s (0.658s)	Speed 50.6 samples/s	Data 0.006s (0.007s)	Loss 0.01627 (0.01917)
2023-11-17 00:56:54,341 Test: [0/200]	Time 0.155 (0.155)	Loss 0.0971 (0.0971)
2023-11-17 00:56:55,270 Test: [10/200]	Time 0.071 (0.098)	Loss 0.0188 (0.0715)
2023-11-17 00:56:55,997 Test: [20/200]	Time 0.053 (0.086)	Loss 0.0466 (0.0759)
2023-11-17 00:56:56,627 Test: [30/200]	Time 0.056 (0.079)	Loss 0.1192 (0.0859)
2023-11-17 00:56:57,267 Test: [40/200]	Time 0.059 (0.075)	Loss 0.0596 (0.0866)
2023-11-17 00:56:57,986 Test: [50/200]	Time 0.055 (0.075)	Loss 0.1586 (0.0874)
